CRITICAL - 2024-12-04 01:57:58 --> ParseError: syntax error, unexpected variable "$routes", expecting ";"
[Method: GET, Route: /]
in APPPATH\Config\Routes.php on line 9.
 1 SYSTEMPATH\CodeIgniter.php(823): CodeIgniter\Router\RouteCollection->loadRoutes()
 2 SYSTEMPATH\CodeIgniter.php(457): CodeIgniter\CodeIgniter->tryToRouteIt(null)
 3 SYSTEMPATH\CodeIgniter.php(355): CodeIgniter\CodeIgniter->handleRequest(null, Object(Config\Cache), false)
 4 SYSTEMPATH\Boot.php(325): CodeIgniter\CodeIgniter->run()
 5 SYSTEMPATH\Boot.php(67): CodeIgniter\Boot::runCodeIgniter(Object(CodeIgniter\CodeIgniter))
 6 FCPATH\index.php(56): CodeIgniter\Boot::bootWeb(Object(Config\Paths))
CRITICAL - 2024-12-04 01:58:14 --> ParseError: syntax error, unexpected variable "$routes", expecting ";"
[Method: GET, Route: /]
in APPPATH\Config\Routes.php on line 9.
 1 SYSTEMPATH\CodeIgniter.php(823): CodeIgniter\Router\RouteCollection->loadRoutes()
 2 SYSTEMPATH\CodeIgniter.php(457): CodeIgniter\CodeIgniter->tryToRouteIt(null)
 3 SYSTEMPATH\CodeIgniter.php(355): CodeIgniter\CodeIgniter->handleRequest(null, Object(Config\Cache), false)
 4 SYSTEMPATH\Boot.php(325): CodeIgniter\CodeIgniter->run()
 5 SYSTEMPATH\Boot.php(67): CodeIgniter\Boot::runCodeIgniter(Object(CodeIgniter\CodeIgniter))
 6 FCPATH\index.php(56): CodeIgniter\Boot::bootWeb(Object(Config\Paths))
CRITICAL - 2024-12-04 01:58:16 --> ParseError: syntax error, unexpected variable "$routes", expecting ";"
[Method: GET, Route: /]
in APPPATH\Config\Routes.php on line 9.
 1 SYSTEMPATH\CodeIgniter.php(823): CodeIgniter\Router\RouteCollection->loadRoutes()
 2 SYSTEMPATH\CodeIgniter.php(457): CodeIgniter\CodeIgniter->tryToRouteIt(null)
 3 SYSTEMPATH\CodeIgniter.php(355): CodeIgniter\CodeIgniter->handleRequest(null, Object(Config\Cache), false)
 4 SYSTEMPATH\Boot.php(325): CodeIgniter\CodeIgniter->run()
 5 SYSTEMPATH\Boot.php(67): CodeIgniter\Boot::runCodeIgniter(Object(CodeIgniter\CodeIgniter))
 6 FCPATH\index.php(56): CodeIgniter\Boot::bootWeb(Object(Config\Paths))
CRITICAL - 2024-12-04 01:58:16 --> ParseError: syntax error, unexpected variable "$routes", expecting ";"
[Method: GET, Route: /]
in APPPATH\Config\Routes.php on line 9.
 1 SYSTEMPATH\CodeIgniter.php(823): CodeIgniter\Router\RouteCollection->loadRoutes()
 2 SYSTEMPATH\CodeIgniter.php(457): CodeIgniter\CodeIgniter->tryToRouteIt(null)
 3 SYSTEMPATH\CodeIgniter.php(355): CodeIgniter\CodeIgniter->handleRequest(null, Object(Config\Cache), false)
 4 SYSTEMPATH\Boot.php(325): CodeIgniter\CodeIgniter->run()
 5 SYSTEMPATH\Boot.php(67): CodeIgniter\Boot::runCodeIgniter(Object(CodeIgniter\CodeIgniter))
 6 FCPATH\index.php(56): CodeIgniter\Boot::bootWeb(Object(Config\Paths))
CRITICAL - 2024-12-04 01:58:16 --> ParseError: syntax error, unexpected variable "$routes", expecting ";"
[Method: GET, Route: /]
in APPPATH\Config\Routes.php on line 9.
 1 SYSTEMPATH\CodeIgniter.php(823): CodeIgniter\Router\RouteCollection->loadRoutes()
 2 SYSTEMPATH\CodeIgniter.php(457): CodeIgniter\CodeIgniter->tryToRouteIt(null)
 3 SYSTEMPATH\CodeIgniter.php(355): CodeIgniter\CodeIgniter->handleRequest(null, Object(Config\Cache), false)
 4 SYSTEMPATH\Boot.php(325): CodeIgniter\CodeIgniter->run()
 5 SYSTEMPATH\Boot.php(67): CodeIgniter\Boot::runCodeIgniter(Object(CodeIgniter\CodeIgniter))
 6 FCPATH\index.php(56): CodeIgniter\Boot::bootWeb(Object(Config\Paths))
CRITICAL - 2024-12-04 01:58:19 --> ParseError: syntax error, unexpected variable "$routes", expecting ";"
[Method: GET, Route: /]
in APPPATH\Config\Routes.php on line 9.
 1 SYSTEMPATH\CodeIgniter.php(823): CodeIgniter\Router\RouteCollection->loadRoutes()
 2 SYSTEMPATH\CodeIgniter.php(457): CodeIgniter\CodeIgniter->tryToRouteIt(null)
 3 SYSTEMPATH\CodeIgniter.php(355): CodeIgniter\CodeIgniter->handleRequest(null, Object(Config\Cache), false)
 4 SYSTEMPATH\Boot.php(325): CodeIgniter\CodeIgniter->run()
 5 SYSTEMPATH\Boot.php(67): CodeIgniter\Boot::runCodeIgniter(Object(CodeIgniter\CodeIgniter))
 6 FCPATH\index.php(56): CodeIgniter\Boot::bootWeb(Object(Config\Paths))
CRITICAL - 2024-12-04 01:58:40 --> Error: Class "App\Controllers\Controllers" not found
[Method: GET, Route: tomara]
in APPPATH\Controllers\Tomara.php on line 4.
 1 VENDORPATH\composer\ClassLoader.php(576): include()
 2 VENDORPATH\composer\ClassLoader.php(427): Composer\Autoload\{closure}('D:\\Laragon\\laragon\\www\\Tan.pedia\\vendor\\composer/../../app\\Controllers\\Tomara.php')
 3 [internal function]: Composer\Autoload\ClassLoader->loadClass('App\\Controllers\\Tomara')
 4 SYSTEMPATH\CodeIgniter.php(887): class_exists('\\App\\Controllers\\Tomara', true)
 5 SYSTEMPATH\CodeIgniter.php(496): CodeIgniter\CodeIgniter->startController()
 6 SYSTEMPATH\CodeIgniter.php(355): CodeIgniter\CodeIgniter->handleRequest(null, Object(Config\Cache), false)
 7 SYSTEMPATH\Boot.php(325): CodeIgniter\CodeIgniter->run()
 8 SYSTEMPATH\Boot.php(67): CodeIgniter\Boot::runCodeIgniter(Object(CodeIgniter\CodeIgniter))
 9 FCPATH\index.php(56): CodeIgniter\Boot::bootWeb(Object(Config\Paths))
CRITICAL - 2024-12-04 01:59:01 --> Error: Class "App\Controllers\Controllers" not found
[Method: GET, Route: tomara]
in APPPATH\Controllers\Tomara.php on line 4.
 1 VENDORPATH\composer\ClassLoader.php(576): include()
 2 VENDORPATH\composer\ClassLoader.php(427): Composer\Autoload\{closure}('D:\\Laragon\\laragon\\www\\Tan.pedia\\vendor\\composer/../../app\\Controllers\\Tomara.php')
 3 [internal function]: Composer\Autoload\ClassLoader->loadClass('App\\Controllers\\Tomara')
 4 SYSTEMPATH\CodeIgniter.php(887): class_exists('\\App\\Controllers\\Tomara', true)
 5 SYSTEMPATH\CodeIgniter.php(496): CodeIgniter\CodeIgniter->startController()
 6 SYSTEMPATH\CodeIgniter.php(355): CodeIgniter\CodeIgniter->handleRequest(null, Object(Config\Cache), false)
 7 SYSTEMPATH\Boot.php(325): CodeIgniter\CodeIgniter->run()
 8 SYSTEMPATH\Boot.php(67): CodeIgniter\Boot::runCodeIgniter(Object(CodeIgniter\CodeIgniter))
 9 FCPATH\index.php(56): CodeIgniter\Boot::bootWeb(Object(Config\Paths))
CRITICAL - 2024-12-04 01:59:25 --> Error: Class "App\Controllers\Controllers" not found
[Method: GET, Route: tomara]
in APPPATH\Controllers\Tomara.php on line 4.
 1 VENDORPATH\composer\ClassLoader.php(576): include()
 2 VENDORPATH\composer\ClassLoader.php(427): Composer\Autoload\{closure}('D:\\Laragon\\laragon\\www\\Tan.pedia\\vendor\\composer/../../app\\Controllers\\Tomara.php')
 3 [internal function]: Composer\Autoload\ClassLoader->loadClass('App\\Controllers\\Tomara')
 4 SYSTEMPATH\CodeIgniter.php(887): class_exists('\\App\\Controllers\\Tomara', true)
 5 SYSTEMPATH\CodeIgniter.php(496): CodeIgniter\CodeIgniter->startController()
 6 SYSTEMPATH\CodeIgniter.php(355): CodeIgniter\CodeIgniter->handleRequest(null, Object(Config\Cache), false)
 7 SYSTEMPATH\Boot.php(325): CodeIgniter\CodeIgniter->run()
 8 SYSTEMPATH\Boot.php(67): CodeIgniter\Boot::runCodeIgniter(Object(CodeIgniter\CodeIgniter))
 9 FCPATH\index.php(56): CodeIgniter\Boot::bootWeb(Object(Config\Paths))
CRITICAL - 2024-12-04 01:59:26 --> Error: Class "App\Controllers\Controllers" not found
[Method: GET, Route: tomara]
in APPPATH\Controllers\Tomara.php on line 4.
 1 VENDORPATH\composer\ClassLoader.php(576): include()
 2 VENDORPATH\composer\ClassLoader.php(427): Composer\Autoload\{closure}('D:\\Laragon\\laragon\\www\\Tan.pedia\\vendor\\composer/../../app\\Controllers\\Tomara.php')
 3 [internal function]: Composer\Autoload\ClassLoader->loadClass('App\\Controllers\\Tomara')
 4 SYSTEMPATH\CodeIgniter.php(887): class_exists('\\App\\Controllers\\Tomara', true)
 5 SYSTEMPATH\CodeIgniter.php(496): CodeIgniter\CodeIgniter->startController()
 6 SYSTEMPATH\CodeIgniter.php(355): CodeIgniter\CodeIgniter->handleRequest(null, Object(Config\Cache), false)
 7 SYSTEMPATH\Boot.php(325): CodeIgniter\CodeIgniter->run()
 8 SYSTEMPATH\Boot.php(67): CodeIgniter\Boot::runCodeIgniter(Object(CodeIgniter\CodeIgniter))
 9 FCPATH\index.php(56): CodeIgniter\Boot::bootWeb(Object(Config\Paths))
CRITICAL - 2024-12-04 01:59:26 --> Error: Class "App\Controllers\Controllers" not found
[Method: GET, Route: tomara]
in APPPATH\Controllers\Tomara.php on line 4.
 1 VENDORPATH\composer\ClassLoader.php(576): include()
 2 VENDORPATH\composer\ClassLoader.php(427): Composer\Autoload\{closure}('D:\\Laragon\\laragon\\www\\Tan.pedia\\vendor\\composer/../../app\\Controllers\\Tomara.php')
 3 [internal function]: Composer\Autoload\ClassLoader->loadClass('App\\Controllers\\Tomara')
 4 SYSTEMPATH\CodeIgniter.php(887): class_exists('\\App\\Controllers\\Tomara', true)
 5 SYSTEMPATH\CodeIgniter.php(496): CodeIgniter\CodeIgniter->startController()
 6 SYSTEMPATH\CodeIgniter.php(355): CodeIgniter\CodeIgniter->handleRequest(null, Object(Config\Cache), false)
 7 SYSTEMPATH\Boot.php(325): CodeIgniter\CodeIgniter->run()
 8 SYSTEMPATH\Boot.php(67): CodeIgniter\Boot::runCodeIgniter(Object(CodeIgniter\CodeIgniter))
 9 FCPATH\index.php(56): CodeIgniter\Boot::bootWeb(Object(Config\Paths))
CRITICAL - 2024-12-04 02:00:50 --> Error: Class "App\Controllers\Controllers" not found
[Method: GET, Route: tomara]
in APPPATH\Controllers\Tomara.php on line 4.
 1 VENDORPATH\composer\ClassLoader.php(576): include()
 2 VENDORPATH\composer\ClassLoader.php(427): Composer\Autoload\{closure}('D:\\Laragon\\laragon\\www\\Tan.pedia\\vendor\\composer/../../app\\Controllers\\Tomara.php')
 3 [internal function]: Composer\Autoload\ClassLoader->loadClass('App\\Controllers\\Tomara')
 4 SYSTEMPATH\CodeIgniter.php(887): class_exists('\\App\\Controllers\\Tomara', true)
 5 SYSTEMPATH\CodeIgniter.php(496): CodeIgniter\CodeIgniter->startController()
 6 SYSTEMPATH\CodeIgniter.php(355): CodeIgniter\CodeIgniter->handleRequest(null, Object(Config\Cache), false)
 7 SYSTEMPATH\Boot.php(325): CodeIgniter\CodeIgniter->run()
 8 SYSTEMPATH\Boot.php(67): CodeIgniter\Boot::runCodeIgniter(Object(CodeIgniter\CodeIgniter))
 9 FCPATH\index.php(56): CodeIgniter\Boot::bootWeb(Object(Config\Paths))
CRITICAL - 2024-12-04 02:02:36 --> Error: Class "App\Controllers\Controllers" not found
[Method: GET, Route: tomara]
in APPPATH\Controllers\Tomara.php on line 4.
 1 VENDORPATH\composer\ClassLoader.php(576): include()
 2 VENDORPATH\composer\ClassLoader.php(427): Composer\Autoload\{closure}('D:\\Laragon\\laragon\\www\\Tan.pedia\\vendor\\composer/../../app\\Controllers\\Tomara.php')
 3 [internal function]: Composer\Autoload\ClassLoader->loadClass('App\\Controllers\\Tomara')
 4 SYSTEMPATH\CodeIgniter.php(887): class_exists('\\App\\Controllers\\Tomara', true)
 5 SYSTEMPATH\CodeIgniter.php(496): CodeIgniter\CodeIgniter->startController()
 6 SYSTEMPATH\CodeIgniter.php(355): CodeIgniter\CodeIgniter->handleRequest(null, Object(Config\Cache), false)
 7 SYSTEMPATH\Boot.php(325): CodeIgniter\CodeIgniter->run()
 8 SYSTEMPATH\Boot.php(67): CodeIgniter\Boot::runCodeIgniter(Object(CodeIgniter\CodeIgniter))
 9 FCPATH\index.php(56): CodeIgniter\Boot::bootWeb(Object(Config\Paths))
CRITICAL - 2024-12-04 02:02:37 --> Error: Class "App\Controllers\Controllers" not found
[Method: GET, Route: tomara]
in APPPATH\Controllers\Tomara.php on line 4.
 1 VENDORPATH\composer\ClassLoader.php(576): include()
 2 VENDORPATH\composer\ClassLoader.php(427): Composer\Autoload\{closure}('D:\\Laragon\\laragon\\www\\Tan.pedia\\vendor\\composer/../../app\\Controllers\\Tomara.php')
 3 [internal function]: Composer\Autoload\ClassLoader->loadClass('App\\Controllers\\Tomara')
 4 SYSTEMPATH\CodeIgniter.php(887): class_exists('\\App\\Controllers\\Tomara', true)
 5 SYSTEMPATH\CodeIgniter.php(496): CodeIgniter\CodeIgniter->startController()
 6 SYSTEMPATH\CodeIgniter.php(355): CodeIgniter\CodeIgniter->handleRequest(null, Object(Config\Cache), false)
 7 SYSTEMPATH\Boot.php(325): CodeIgniter\CodeIgniter->run()
 8 SYSTEMPATH\Boot.php(67): CodeIgniter\Boot::runCodeIgniter(Object(CodeIgniter\CodeIgniter))
 9 FCPATH\index.php(56): CodeIgniter\Boot::bootWeb(Object(Config\Paths))
CRITICAL - 2024-12-04 02:02:38 --> Error: Class "App\Controllers\Controllers" not found
[Method: GET, Route: tomara]
in APPPATH\Controllers\Tomara.php on line 4.
 1 VENDORPATH\composer\ClassLoader.php(576): include()
 2 VENDORPATH\composer\ClassLoader.php(427): Composer\Autoload\{closure}('D:\\Laragon\\laragon\\www\\Tan.pedia\\vendor\\composer/../../app\\Controllers\\Tomara.php')
 3 [internal function]: Composer\Autoload\ClassLoader->loadClass('App\\Controllers\\Tomara')
 4 SYSTEMPATH\CodeIgniter.php(887): class_exists('\\App\\Controllers\\Tomara', true)
 5 SYSTEMPATH\CodeIgniter.php(496): CodeIgniter\CodeIgniter->startController()
 6 SYSTEMPATH\CodeIgniter.php(355): CodeIgniter\CodeIgniter->handleRequest(null, Object(Config\Cache), false)
 7 SYSTEMPATH\Boot.php(325): CodeIgniter\CodeIgniter->run()
 8 SYSTEMPATH\Boot.php(67): CodeIgniter\Boot::runCodeIgniter(Object(CodeIgniter\CodeIgniter))
 9 FCPATH\index.php(56): CodeIgniter\Boot::bootWeb(Object(Config\Paths))
CRITICAL - 2024-12-04 02:02:38 --> Error: Class "App\Controllers\Controllers" not found
[Method: GET, Route: tomara]
in APPPATH\Controllers\Tomara.php on line 4.
 1 VENDORPATH\composer\ClassLoader.php(576): include()
 2 VENDORPATH\composer\ClassLoader.php(427): Composer\Autoload\{closure}('D:\\Laragon\\laragon\\www\\Tan.pedia\\vendor\\composer/../../app\\Controllers\\Tomara.php')
 3 [internal function]: Composer\Autoload\ClassLoader->loadClass('App\\Controllers\\Tomara')
 4 SYSTEMPATH\CodeIgniter.php(887): class_exists('\\App\\Controllers\\Tomara', true)
 5 SYSTEMPATH\CodeIgniter.php(496): CodeIgniter\CodeIgniter->startController()
 6 SYSTEMPATH\CodeIgniter.php(355): CodeIgniter\CodeIgniter->handleRequest(null, Object(Config\Cache), false)
 7 SYSTEMPATH\Boot.php(325): CodeIgniter\CodeIgniter->run()
 8 SYSTEMPATH\Boot.php(67): CodeIgniter\Boot::runCodeIgniter(Object(CodeIgniter\CodeIgniter))
 9 FCPATH\index.php(56): CodeIgniter\Boot::bootWeb(Object(Config\Paths))
CRITICAL - 2024-12-04 02:02:38 --> Error: Class "App\Controllers\Controllers" not found
[Method: GET, Route: tomara]
in APPPATH\Controllers\Tomara.php on line 4.
 1 VENDORPATH\composer\ClassLoader.php(576): include()
 2 VENDORPATH\composer\ClassLoader.php(427): Composer\Autoload\{closure}('D:\\Laragon\\laragon\\www\\Tan.pedia\\vendor\\composer/../../app\\Controllers\\Tomara.php')
 3 [internal function]: Composer\Autoload\ClassLoader->loadClass('App\\Controllers\\Tomara')
 4 SYSTEMPATH\CodeIgniter.php(887): class_exists('\\App\\Controllers\\Tomara', true)
 5 SYSTEMPATH\CodeIgniter.php(496): CodeIgniter\CodeIgniter->startController()
 6 SYSTEMPATH\CodeIgniter.php(355): CodeIgniter\CodeIgniter->handleRequest(null, Object(Config\Cache), false)
 7 SYSTEMPATH\Boot.php(325): CodeIgniter\CodeIgniter->run()
 8 SYSTEMPATH\Boot.php(67): CodeIgniter\Boot::runCodeIgniter(Object(CodeIgniter\CodeIgniter))
 9 FCPATH\index.php(56): CodeIgniter\Boot::bootWeb(Object(Config\Paths))
CRITICAL - 2024-12-04 02:02:38 --> Error: Class "App\Controllers\Controllers" not found
[Method: GET, Route: tomara]
in APPPATH\Controllers\Tomara.php on line 4.
 1 VENDORPATH\composer\ClassLoader.php(576): include()
 2 VENDORPATH\composer\ClassLoader.php(427): Composer\Autoload\{closure}('D:\\Laragon\\laragon\\www\\Tan.pedia\\vendor\\composer/../../app\\Controllers\\Tomara.php')
 3 [internal function]: Composer\Autoload\ClassLoader->loadClass('App\\Controllers\\Tomara')
 4 SYSTEMPATH\CodeIgniter.php(887): class_exists('\\App\\Controllers\\Tomara', true)
 5 SYSTEMPATH\CodeIgniter.php(496): CodeIgniter\CodeIgniter->startController()
 6 SYSTEMPATH\CodeIgniter.php(355): CodeIgniter\CodeIgniter->handleRequest(null, Object(Config\Cache), false)
 7 SYSTEMPATH\Boot.php(325): CodeIgniter\CodeIgniter->run()
 8 SYSTEMPATH\Boot.php(67): CodeIgniter\Boot::runCodeIgniter(Object(CodeIgniter\CodeIgniter))
 9 FCPATH\index.php(56): CodeIgniter\Boot::bootWeb(Object(Config\Paths))
CRITICAL - 2024-12-04 02:02:39 --> Error: Class "App\Controllers\Controllers" not found
[Method: GET, Route: tomara]
in APPPATH\Controllers\Tomara.php on line 4.
 1 VENDORPATH\composer\ClassLoader.php(576): include()
 2 VENDORPATH\composer\ClassLoader.php(427): Composer\Autoload\{closure}('D:\\Laragon\\laragon\\www\\Tan.pedia\\vendor\\composer/../../app\\Controllers\\Tomara.php')
 3 [internal function]: Composer\Autoload\ClassLoader->loadClass('App\\Controllers\\Tomara')
 4 SYSTEMPATH\CodeIgniter.php(887): class_exists('\\App\\Controllers\\Tomara', true)
 5 SYSTEMPATH\CodeIgniter.php(496): CodeIgniter\CodeIgniter->startController()
 6 SYSTEMPATH\CodeIgniter.php(355): CodeIgniter\CodeIgniter->handleRequest(null, Object(Config\Cache), false)
 7 SYSTEMPATH\Boot.php(325): CodeIgniter\CodeIgniter->run()
 8 SYSTEMPATH\Boot.php(67): CodeIgniter\Boot::runCodeIgniter(Object(CodeIgniter\CodeIgniter))
 9 FCPATH\index.php(56): CodeIgniter\Boot::bootWeb(Object(Config\Paths))
CRITICAL - 2024-12-04 02:03:19 --> Error: Class "App\Controllers\Controllers" not found
[Method: GET, Route: tomara]
in APPPATH\Controllers\Tomara.php on line 4.
 1 VENDORPATH\composer\ClassLoader.php(576): include()
 2 VENDORPATH\composer\ClassLoader.php(427): Composer\Autoload\{closure}('D:\\Laragon\\laragon\\www\\Tan.pedia\\vendor\\composer/../../app\\Controllers\\Tomara.php')
 3 [internal function]: Composer\Autoload\ClassLoader->loadClass('App\\Controllers\\Tomara')
 4 SYSTEMPATH\CodeIgniter.php(887): class_exists('\\App\\Controllers\\Tomara', true)
 5 SYSTEMPATH\CodeIgniter.php(496): CodeIgniter\CodeIgniter->startController()
 6 SYSTEMPATH\CodeIgniter.php(355): CodeIgniter\CodeIgniter->handleRequest(null, Object(Config\Cache), false)
 7 SYSTEMPATH\Boot.php(325): CodeIgniter\CodeIgniter->run()
 8 SYSTEMPATH\Boot.php(67): CodeIgniter\Boot::runCodeIgniter(Object(CodeIgniter\CodeIgniter))
 9 FCPATH\index.php(56): CodeIgniter\Boot::bootWeb(Object(Config\Paths))
CRITICAL - 2024-12-04 02:03:20 --> Error: Class "App\Controllers\Controllers" not found
[Method: GET, Route: tomara]
in APPPATH\Controllers\Tomara.php on line 4.
 1 VENDORPATH\composer\ClassLoader.php(576): include()
 2 VENDORPATH\composer\ClassLoader.php(427): Composer\Autoload\{closure}('D:\\Laragon\\laragon\\www\\Tan.pedia\\vendor\\composer/../../app\\Controllers\\Tomara.php')
 3 [internal function]: Composer\Autoload\ClassLoader->loadClass('App\\Controllers\\Tomara')
 4 SYSTEMPATH\CodeIgniter.php(887): class_exists('\\App\\Controllers\\Tomara', true)
 5 SYSTEMPATH\CodeIgniter.php(496): CodeIgniter\CodeIgniter->startController()
 6 SYSTEMPATH\CodeIgniter.php(355): CodeIgniter\CodeIgniter->handleRequest(null, Object(Config\Cache), false)
 7 SYSTEMPATH\Boot.php(325): CodeIgniter\CodeIgniter->run()
 8 SYSTEMPATH\Boot.php(67): CodeIgniter\Boot::runCodeIgniter(Object(CodeIgniter\CodeIgniter))
 9 FCPATH\index.php(56): CodeIgniter\Boot::bootWeb(Object(Config\Paths))
CRITICAL - 2024-12-04 02:03:20 --> Error: Class "App\Controllers\Controllers" not found
[Method: GET, Route: tomara]
in APPPATH\Controllers\Tomara.php on line 4.
 1 VENDORPATH\composer\ClassLoader.php(576): include()
 2 VENDORPATH\composer\ClassLoader.php(427): Composer\Autoload\{closure}('D:\\Laragon\\laragon\\www\\Tan.pedia\\vendor\\composer/../../app\\Controllers\\Tomara.php')
 3 [internal function]: Composer\Autoload\ClassLoader->loadClass('App\\Controllers\\Tomara')
 4 SYSTEMPATH\CodeIgniter.php(887): class_exists('\\App\\Controllers\\Tomara', true)
 5 SYSTEMPATH\CodeIgniter.php(496): CodeIgniter\CodeIgniter->startController()
 6 SYSTEMPATH\CodeIgniter.php(355): CodeIgniter\CodeIgniter->handleRequest(null, Object(Config\Cache), false)
 7 SYSTEMPATH\Boot.php(325): CodeIgniter\CodeIgniter->run()
 8 SYSTEMPATH\Boot.php(67): CodeIgniter\Boot::runCodeIgniter(Object(CodeIgniter\CodeIgniter))
 9 FCPATH\index.php(56): CodeIgniter\Boot::bootWeb(Object(Config\Paths))
CRITICAL - 2024-12-04 02:05:52 --> Error: Class "App\Controllers\Controllers" not found
[Method: GET, Route: tomara]
in APPPATH\Controllers\Tomara.php on line 4.
 1 VENDORPATH\composer\ClassLoader.php(576): include()
 2 VENDORPATH\composer\ClassLoader.php(427): Composer\Autoload\{closure}('D:\\Laragon\\laragon\\www\\Tan.pedia\\vendor\\composer/../../app\\Controllers\\Tomara.php')
 3 [internal function]: Composer\Autoload\ClassLoader->loadClass('App\\Controllers\\Tomara')
 4 SYSTEMPATH\CodeIgniter.php(887): class_exists('\\App\\Controllers\\Tomara', true)
 5 SYSTEMPATH\CodeIgniter.php(496): CodeIgniter\CodeIgniter->startController()
 6 SYSTEMPATH\CodeIgniter.php(355): CodeIgniter\CodeIgniter->handleRequest(null, Object(Config\Cache), false)
 7 SYSTEMPATH\Boot.php(325): CodeIgniter\CodeIgniter->run()
 8 SYSTEMPATH\Boot.php(67): CodeIgniter\Boot::runCodeIgniter(Object(CodeIgniter\CodeIgniter))
 9 FCPATH\index.php(56): CodeIgniter\Boot::bootWeb(Object(Config\Paths))
CRITICAL - 2024-12-04 02:05:54 --> Error: Class "App\Controllers\Controllers" not found
[Method: GET, Route: tomara]
in APPPATH\Controllers\Tomara.php on line 4.
 1 VENDORPATH\composer\ClassLoader.php(576): include()
 2 VENDORPATH\composer\ClassLoader.php(427): Composer\Autoload\{closure}('D:\\Laragon\\laragon\\www\\Tan.pedia\\vendor\\composer/../../app\\Controllers\\Tomara.php')
 3 [internal function]: Composer\Autoload\ClassLoader->loadClass('App\\Controllers\\Tomara')
 4 SYSTEMPATH\CodeIgniter.php(887): class_exists('\\App\\Controllers\\Tomara', true)
 5 SYSTEMPATH\CodeIgniter.php(496): CodeIgniter\CodeIgniter->startController()
 6 SYSTEMPATH\CodeIgniter.php(355): CodeIgniter\CodeIgniter->handleRequest(null, Object(Config\Cache), false)
 7 SYSTEMPATH\Boot.php(325): CodeIgniter\CodeIgniter->run()
 8 SYSTEMPATH\Boot.php(67): CodeIgniter\Boot::runCodeIgniter(Object(CodeIgniter\CodeIgniter))
 9 FCPATH\index.php(56): CodeIgniter\Boot::bootWeb(Object(Config\Paths))
CRITICAL - 2024-12-04 02:05:55 --> Error: Class "App\Controllers\Controllers" not found
[Method: GET, Route: tomara]
in APPPATH\Controllers\Tomara.php on line 4.
 1 VENDORPATH\composer\ClassLoader.php(576): include()
 2 VENDORPATH\composer\ClassLoader.php(427): Composer\Autoload\{closure}('D:\\Laragon\\laragon\\www\\Tan.pedia\\vendor\\composer/../../app\\Controllers\\Tomara.php')
 3 [internal function]: Composer\Autoload\ClassLoader->loadClass('App\\Controllers\\Tomara')
 4 SYSTEMPATH\CodeIgniter.php(887): class_exists('\\App\\Controllers\\Tomara', true)
 5 SYSTEMPATH\CodeIgniter.php(496): CodeIgniter\CodeIgniter->startController()
 6 SYSTEMPATH\CodeIgniter.php(355): CodeIgniter\CodeIgniter->handleRequest(null, Object(Config\Cache), false)
 7 SYSTEMPATH\Boot.php(325): CodeIgniter\CodeIgniter->run()
 8 SYSTEMPATH\Boot.php(67): CodeIgniter\Boot::runCodeIgniter(Object(CodeIgniter\CodeIgniter))
 9 FCPATH\index.php(56): CodeIgniter\Boot::bootWeb(Object(Config\Paths))
CRITICAL - 2024-12-04 02:05:55 --> Error: Class "App\Controllers\Controllers" not found
[Method: GET, Route: tomara]
in APPPATH\Controllers\Tomara.php on line 4.
 1 VENDORPATH\composer\ClassLoader.php(576): include()
 2 VENDORPATH\composer\ClassLoader.php(427): Composer\Autoload\{closure}('D:\\Laragon\\laragon\\www\\Tan.pedia\\vendor\\composer/../../app\\Controllers\\Tomara.php')
 3 [internal function]: Composer\Autoload\ClassLoader->loadClass('App\\Controllers\\Tomara')
 4 SYSTEMPATH\CodeIgniter.php(887): class_exists('\\App\\Controllers\\Tomara', true)
 5 SYSTEMPATH\CodeIgniter.php(496): CodeIgniter\CodeIgniter->startController()
 6 SYSTEMPATH\CodeIgniter.php(355): CodeIgniter\CodeIgniter->handleRequest(null, Object(Config\Cache), false)
 7 SYSTEMPATH\Boot.php(325): CodeIgniter\CodeIgniter->run()
 8 SYSTEMPATH\Boot.php(67): CodeIgniter\Boot::runCodeIgniter(Object(CodeIgniter\CodeIgniter))
 9 FCPATH\index.php(56): CodeIgniter\Boot::bootWeb(Object(Config\Paths))
CRITICAL - 2024-12-04 02:05:55 --> Error: Class "App\Controllers\Controllers" not found
[Method: GET, Route: tomara]
in APPPATH\Controllers\Tomara.php on line 4.
 1 VENDORPATH\composer\ClassLoader.php(576): include()
 2 VENDORPATH\composer\ClassLoader.php(427): Composer\Autoload\{closure}('D:\\Laragon\\laragon\\www\\Tan.pedia\\vendor\\composer/../../app\\Controllers\\Tomara.php')
 3 [internal function]: Composer\Autoload\ClassLoader->loadClass('App\\Controllers\\Tomara')
 4 SYSTEMPATH\CodeIgniter.php(887): class_exists('\\App\\Controllers\\Tomara', true)
 5 SYSTEMPATH\CodeIgniter.php(496): CodeIgniter\CodeIgniter->startController()
 6 SYSTEMPATH\CodeIgniter.php(355): CodeIgniter\CodeIgniter->handleRequest(null, Object(Config\Cache), false)
 7 SYSTEMPATH\Boot.php(325): CodeIgniter\CodeIgniter->run()
 8 SYSTEMPATH\Boot.php(67): CodeIgniter\Boot::runCodeIgniter(Object(CodeIgniter\CodeIgniter))
 9 FCPATH\index.php(56): CodeIgniter\Boot::bootWeb(Object(Config\Paths))
CRITICAL - 2024-12-04 02:05:55 --> Error: Class "App\Controllers\Controllers" not found
[Method: GET, Route: tomara]
in APPPATH\Controllers\Tomara.php on line 4.
 1 VENDORPATH\composer\ClassLoader.php(576): include()
 2 VENDORPATH\composer\ClassLoader.php(427): Composer\Autoload\{closure}('D:\\Laragon\\laragon\\www\\Tan.pedia\\vendor\\composer/../../app\\Controllers\\Tomara.php')
 3 [internal function]: Composer\Autoload\ClassLoader->loadClass('App\\Controllers\\Tomara')
 4 SYSTEMPATH\CodeIgniter.php(887): class_exists('\\App\\Controllers\\Tomara', true)
 5 SYSTEMPATH\CodeIgniter.php(496): CodeIgniter\CodeIgniter->startController()
 6 SYSTEMPATH\CodeIgniter.php(355): CodeIgniter\CodeIgniter->handleRequest(null, Object(Config\Cache), false)
 7 SYSTEMPATH\Boot.php(325): CodeIgniter\CodeIgniter->run()
 8 SYSTEMPATH\Boot.php(67): CodeIgniter\Boot::runCodeIgniter(Object(CodeIgniter\CodeIgniter))
 9 FCPATH\index.php(56): CodeIgniter\Boot::bootWeb(Object(Config\Paths))
CRITICAL - 2024-12-04 02:05:55 --> Error: Class "App\Controllers\Controllers" not found
[Method: GET, Route: tomara]
in APPPATH\Controllers\Tomara.php on line 4.
 1 VENDORPATH\composer\ClassLoader.php(576): include()
 2 VENDORPATH\composer\ClassLoader.php(427): Composer\Autoload\{closure}('D:\\Laragon\\laragon\\www\\Tan.pedia\\vendor\\composer/../../app\\Controllers\\Tomara.php')
 3 [internal function]: Composer\Autoload\ClassLoader->loadClass('App\\Controllers\\Tomara')
 4 SYSTEMPATH\CodeIgniter.php(887): class_exists('\\App\\Controllers\\Tomara', true)
 5 SYSTEMPATH\CodeIgniter.php(496): CodeIgniter\CodeIgniter->startController()
 6 SYSTEMPATH\CodeIgniter.php(355): CodeIgniter\CodeIgniter->handleRequest(null, Object(Config\Cache), false)
 7 SYSTEMPATH\Boot.php(325): CodeIgniter\CodeIgniter->run()
 8 SYSTEMPATH\Boot.php(67): CodeIgniter\Boot::runCodeIgniter(Object(CodeIgniter\CodeIgniter))
 9 FCPATH\index.php(56): CodeIgniter\Boot::bootWeb(Object(Config\Paths))
CRITICAL - 2024-12-04 02:06:09 --> Error: Class "App\Controllers\Controllers" not found
[Method: GET, Route: tomara]
in APPPATH\Controllers\Tomara.php on line 4.
 1 VENDORPATH\composer\ClassLoader.php(576): include()
 2 VENDORPATH\composer\ClassLoader.php(427): Composer\Autoload\{closure}('D:\\Laragon\\laragon\\www\\Tan.pedia\\vendor\\composer/../../app\\Controllers\\Tomara.php')
 3 [internal function]: Composer\Autoload\ClassLoader->loadClass('App\\Controllers\\Tomara')
 4 SYSTEMPATH\CodeIgniter.php(887): class_exists('\\App\\Controllers\\Tomara', true)
 5 SYSTEMPATH\CodeIgniter.php(496): CodeIgniter\CodeIgniter->startController()
 6 SYSTEMPATH\CodeIgniter.php(355): CodeIgniter\CodeIgniter->handleRequest(null, Object(Config\Cache), false)
 7 SYSTEMPATH\Boot.php(325): CodeIgniter\CodeIgniter->run()
 8 SYSTEMPATH\Boot.php(67): CodeIgniter\Boot::runCodeIgniter(Object(CodeIgniter\CodeIgniter))
 9 FCPATH\index.php(56): CodeIgniter\Boot::bootWeb(Object(Config\Paths))
CRITICAL - 2024-12-04 02:06:25 --> Error: Class "App\Controllers\Controllers" not found
[Method: GET, Route: tomara]
in APPPATH\Controllers\Tomara.php on line 4.
 1 VENDORPATH\composer\ClassLoader.php(576): include()
 2 VENDORPATH\composer\ClassLoader.php(427): Composer\Autoload\{closure}('D:\\Laragon\\laragon\\www\\Tan.pedia\\vendor\\composer/../../app\\Controllers\\Tomara.php')
 3 [internal function]: Composer\Autoload\ClassLoader->loadClass('App\\Controllers\\Tomara')
 4 SYSTEMPATH\CodeIgniter.php(887): class_exists('\\App\\Controllers\\Tomara', true)
 5 SYSTEMPATH\CodeIgniter.php(496): CodeIgniter\CodeIgniter->startController()
 6 SYSTEMPATH\CodeIgniter.php(355): CodeIgniter\CodeIgniter->handleRequest(null, Object(Config\Cache), false)
 7 SYSTEMPATH\Boot.php(325): CodeIgniter\CodeIgniter->run()
 8 SYSTEMPATH\Boot.php(67): CodeIgniter\Boot::runCodeIgniter(Object(CodeIgniter\CodeIgniter))
 9 FCPATH\index.php(56): CodeIgniter\Boot::bootWeb(Object(Config\Paths))
CRITICAL - 2024-12-04 02:06:26 --> Error: Class "App\Controllers\Controllers" not found
[Method: GET, Route: tomara]
in APPPATH\Controllers\Tomara.php on line 4.
 1 VENDORPATH\composer\ClassLoader.php(576): include()
 2 VENDORPATH\composer\ClassLoader.php(427): Composer\Autoload\{closure}('D:\\Laragon\\laragon\\www\\Tan.pedia\\vendor\\composer/../../app\\Controllers\\Tomara.php')
 3 [internal function]: Composer\Autoload\ClassLoader->loadClass('App\\Controllers\\Tomara')
 4 SYSTEMPATH\CodeIgniter.php(887): class_exists('\\App\\Controllers\\Tomara', true)
 5 SYSTEMPATH\CodeIgniter.php(496): CodeIgniter\CodeIgniter->startController()
 6 SYSTEMPATH\CodeIgniter.php(355): CodeIgniter\CodeIgniter->handleRequest(null, Object(Config\Cache), false)
 7 SYSTEMPATH\Boot.php(325): CodeIgniter\CodeIgniter->run()
 8 SYSTEMPATH\Boot.php(67): CodeIgniter\Boot::runCodeIgniter(Object(CodeIgniter\CodeIgniter))
 9 FCPATH\index.php(56): CodeIgniter\Boot::bootWeb(Object(Config\Paths))
CRITICAL - 2024-12-04 02:06:26 --> Error: Class "App\Controllers\Controllers" not found
[Method: GET, Route: tomara]
in APPPATH\Controllers\Tomara.php on line 4.
 1 VENDORPATH\composer\ClassLoader.php(576): include()
 2 VENDORPATH\composer\ClassLoader.php(427): Composer\Autoload\{closure}('D:\\Laragon\\laragon\\www\\Tan.pedia\\vendor\\composer/../../app\\Controllers\\Tomara.php')
 3 [internal function]: Composer\Autoload\ClassLoader->loadClass('App\\Controllers\\Tomara')
 4 SYSTEMPATH\CodeIgniter.php(887): class_exists('\\App\\Controllers\\Tomara', true)
 5 SYSTEMPATH\CodeIgniter.php(496): CodeIgniter\CodeIgniter->startController()
 6 SYSTEMPATH\CodeIgniter.php(355): CodeIgniter\CodeIgniter->handleRequest(null, Object(Config\Cache), false)
 7 SYSTEMPATH\Boot.php(325): CodeIgniter\CodeIgniter->run()
 8 SYSTEMPATH\Boot.php(67): CodeIgniter\Boot::runCodeIgniter(Object(CodeIgniter\CodeIgniter))
 9 FCPATH\index.php(56): CodeIgniter\Boot::bootWeb(Object(Config\Paths))
CRITICAL - 2024-12-04 02:06:26 --> Error: Class "App\Controllers\Controllers" not found
[Method: GET, Route: tomara]
in APPPATH\Controllers\Tomara.php on line 4.
 1 VENDORPATH\composer\ClassLoader.php(576): include()
 2 VENDORPATH\composer\ClassLoader.php(427): Composer\Autoload\{closure}('D:\\Laragon\\laragon\\www\\Tan.pedia\\vendor\\composer/../../app\\Controllers\\Tomara.php')
 3 [internal function]: Composer\Autoload\ClassLoader->loadClass('App\\Controllers\\Tomara')
 4 SYSTEMPATH\CodeIgniter.php(887): class_exists('\\App\\Controllers\\Tomara', true)
 5 SYSTEMPATH\CodeIgniter.php(496): CodeIgniter\CodeIgniter->startController()
 6 SYSTEMPATH\CodeIgniter.php(355): CodeIgniter\CodeIgniter->handleRequest(null, Object(Config\Cache), false)
 7 SYSTEMPATH\Boot.php(325): CodeIgniter\CodeIgniter->run()
 8 SYSTEMPATH\Boot.php(67): CodeIgniter\Boot::runCodeIgniter(Object(CodeIgniter\CodeIgniter))
 9 FCPATH\index.php(56): CodeIgniter\Boot::bootWeb(Object(Config\Paths))
CRITICAL - 2024-12-04 02:10:23 --> ParseError: syntax error, unexpected token ","
[Method: GET, Route: tomara]
in APPPATH\Config\Routes.php on line 10.
 1 SYSTEMPATH\CodeIgniter.php(823): CodeIgniter\Router\RouteCollection->loadRoutes()
 2 SYSTEMPATH\CodeIgniter.php(457): CodeIgniter\CodeIgniter->tryToRouteIt(null)
 3 SYSTEMPATH\CodeIgniter.php(355): CodeIgniter\CodeIgniter->handleRequest(null, Object(Config\Cache), false)
 4 SYSTEMPATH\Boot.php(325): CodeIgniter\CodeIgniter->run()
 5 SYSTEMPATH\Boot.php(67): CodeIgniter\Boot::runCodeIgniter(Object(CodeIgniter\CodeIgniter))
 6 FCPATH\index.php(56): CodeIgniter\Boot::bootWeb(Object(Config\Paths))
CRITICAL - 2024-12-04 02:10:24 --> ParseError: syntax error, unexpected token ","
[Method: GET, Route: tomara]
in APPPATH\Config\Routes.php on line 10.
 1 SYSTEMPATH\CodeIgniter.php(823): CodeIgniter\Router\RouteCollection->loadRoutes()
 2 SYSTEMPATH\CodeIgniter.php(457): CodeIgniter\CodeIgniter->tryToRouteIt(null)
 3 SYSTEMPATH\CodeIgniter.php(355): CodeIgniter\CodeIgniter->handleRequest(null, Object(Config\Cache), false)
 4 SYSTEMPATH\Boot.php(325): CodeIgniter\CodeIgniter->run()
 5 SYSTEMPATH\Boot.php(67): CodeIgniter\Boot::runCodeIgniter(Object(CodeIgniter\CodeIgniter))
 6 FCPATH\index.php(56): CodeIgniter\Boot::bootWeb(Object(Config\Paths))
CRITICAL - 2024-12-04 02:10:48 --> ParseError: syntax error, unexpected token ","
[Method: GET, Route: /]
in APPPATH\Config\Routes.php on line 10.
 1 SYSTEMPATH\CodeIgniter.php(823): CodeIgniter\Router\RouteCollection->loadRoutes()
 2 SYSTEMPATH\CodeIgniter.php(457): CodeIgniter\CodeIgniter->tryToRouteIt(null)
 3 SYSTEMPATH\CodeIgniter.php(355): CodeIgniter\CodeIgniter->handleRequest(null, Object(Config\Cache), false)
 4 SYSTEMPATH\Boot.php(325): CodeIgniter\CodeIgniter->run()
 5 SYSTEMPATH\Boot.php(67): CodeIgniter\Boot::runCodeIgniter(Object(CodeIgniter\CodeIgniter))
 6 FCPATH\index.php(56): CodeIgniter\Boot::bootWeb(Object(Config\Paths))
CRITICAL - 2024-12-04 02:11:14 --> ParseError: syntax error, unexpected token ","
[Method: GET, Route: /]
in APPPATH\Config\Routes.php on line 10.
 1 SYSTEMPATH\CodeIgniter.php(823): CodeIgniter\Router\RouteCollection->loadRoutes()
 2 SYSTEMPATH\CodeIgniter.php(457): CodeIgniter\CodeIgniter->tryToRouteIt(null)
 3 SYSTEMPATH\CodeIgniter.php(355): CodeIgniter\CodeIgniter->handleRequest(null, Object(Config\Cache), false)
 4 SYSTEMPATH\Boot.php(325): CodeIgniter\CodeIgniter->run()
 5 SYSTEMPATH\Boot.php(67): CodeIgniter\Boot::runCodeIgniter(Object(CodeIgniter\CodeIgniter))
 6 FCPATH\index.php(56): CodeIgniter\Boot::bootWeb(Object(Config\Paths))
CRITICAL - 2024-12-04 02:11:26 --> ParseError: syntax error, unexpected token ","
[Method: GET, Route: /]
in APPPATH\Config\Routes.php on line 10.
 1 SYSTEMPATH\CodeIgniter.php(823): CodeIgniter\Router\RouteCollection->loadRoutes()
 2 SYSTEMPATH\CodeIgniter.php(457): CodeIgniter\CodeIgniter->tryToRouteIt(null)
 3 SYSTEMPATH\CodeIgniter.php(355): CodeIgniter\CodeIgniter->handleRequest(null, Object(Config\Cache), false)
 4 SYSTEMPATH\Boot.php(325): CodeIgniter\CodeIgniter->run()
 5 SYSTEMPATH\Boot.php(67): CodeIgniter\Boot::runCodeIgniter(Object(CodeIgniter\CodeIgniter))
 6 FCPATH\index.php(56): CodeIgniter\Boot::bootWeb(Object(Config\Paths))
CRITICAL - 2024-12-04 02:12:01 --> ParseError: syntax error, unexpected token ","
[Method: GET, Route: /]
in APPPATH\Config\Routes.php on line 10.
 1 SYSTEMPATH\CodeIgniter.php(823): CodeIgniter\Router\RouteCollection->loadRoutes()
 2 SYSTEMPATH\CodeIgniter.php(457): CodeIgniter\CodeIgniter->tryToRouteIt(null)
 3 SYSTEMPATH\CodeIgniter.php(355): CodeIgniter\CodeIgniter->handleRequest(null, Object(Config\Cache), false)
 4 SYSTEMPATH\Boot.php(325): CodeIgniter\CodeIgniter->run()
 5 SYSTEMPATH\Boot.php(67): CodeIgniter\Boot::runCodeIgniter(Object(CodeIgniter\CodeIgniter))
 6 FCPATH\index.php(56): CodeIgniter\Boot::bootWeb(Object(Config\Paths))
CRITICAL - 2024-12-04 02:12:02 --> ParseError: syntax error, unexpected token ","
[Method: GET, Route: /]
in APPPATH\Config\Routes.php on line 10.
 1 SYSTEMPATH\CodeIgniter.php(823): CodeIgniter\Router\RouteCollection->loadRoutes()
 2 SYSTEMPATH\CodeIgniter.php(457): CodeIgniter\CodeIgniter->tryToRouteIt(null)
 3 SYSTEMPATH\CodeIgniter.php(355): CodeIgniter\CodeIgniter->handleRequest(null, Object(Config\Cache), false)
 4 SYSTEMPATH\Boot.php(325): CodeIgniter\CodeIgniter->run()
 5 SYSTEMPATH\Boot.php(67): CodeIgniter\Boot::runCodeIgniter(Object(CodeIgniter\CodeIgniter))
 6 FCPATH\index.php(56): CodeIgniter\Boot::bootWeb(Object(Config\Paths))
CRITICAL - 2024-12-04 02:13:03 --> Error: Class "App\Controllers\Controllers" not found
[Method: GET, Route: tomara]
in APPPATH\Controllers\Tomara.php on line 4.
 1 VENDORPATH\composer\ClassLoader.php(576): include()
 2 VENDORPATH\composer\ClassLoader.php(427): Composer\Autoload\{closure}('D:\\Laragon\\laragon\\www\\Tan.pedia\\vendor\\composer/../../app\\Controllers\\Tomara.php')
 3 [internal function]: Composer\Autoload\ClassLoader->loadClass('App\\Controllers\\Tomara')
 4 SYSTEMPATH\CodeIgniter.php(887): class_exists('\\App\\Controllers\\Tomara', true)
 5 SYSTEMPATH\CodeIgniter.php(496): CodeIgniter\CodeIgniter->startController()
 6 SYSTEMPATH\CodeIgniter.php(355): CodeIgniter\CodeIgniter->handleRequest(null, Object(Config\Cache), false)
 7 SYSTEMPATH\Boot.php(325): CodeIgniter\CodeIgniter->run()
 8 SYSTEMPATH\Boot.php(67): CodeIgniter\Boot::runCodeIgniter(Object(CodeIgniter\CodeIgniter))
 9 FCPATH\index.php(56): CodeIgniter\Boot::bootWeb(Object(Config\Paths))
CRITICAL - 2024-12-04 02:13:24 --> Error: Class "App\Controllers\Controllers" not found
[Method: GET, Route: tomara]
in APPPATH\Controllers\Tomara.php on line 4.
 1 VENDORPATH\composer\ClassLoader.php(576): include()
 2 VENDORPATH\composer\ClassLoader.php(427): Composer\Autoload\{closure}('D:\\Laragon\\laragon\\www\\Tan.pedia\\vendor\\composer/../../app\\Controllers\\Tomara.php')
 3 [internal function]: Composer\Autoload\ClassLoader->loadClass('App\\Controllers\\Tomara')
 4 SYSTEMPATH\CodeIgniter.php(887): class_exists('\\App\\Controllers\\Tomara', true)
 5 SYSTEMPATH\CodeIgniter.php(496): CodeIgniter\CodeIgniter->startController()
 6 SYSTEMPATH\CodeIgniter.php(355): CodeIgniter\CodeIgniter->handleRequest(null, Object(Config\Cache), false)
 7 SYSTEMPATH\Boot.php(325): CodeIgniter\CodeIgniter->run()
 8 SYSTEMPATH\Boot.php(67): CodeIgniter\Boot::runCodeIgniter(Object(CodeIgniter\CodeIgniter))
 9 FCPATH\index.php(56): CodeIgniter\Boot::bootWeb(Object(Config\Paths))
CRITICAL - 2024-12-04 02:14:06 --> Error: Class "App\Controllers\Controllers" not found
[Method: GET, Route: tom]
in APPPATH\Controllers\Tomara.php on line 4.
 1 VENDORPATH\composer\ClassLoader.php(576): include()
 2 VENDORPATH\composer\ClassLoader.php(427): Composer\Autoload\{closure}('D:\\Laragon\\laragon\\www\\Tan.pedia\\vendor\\composer/../../app\\Controllers\\Tomara.php')
 3 [internal function]: Composer\Autoload\ClassLoader->loadClass('App\\Controllers\\Tomara')
 4 SYSTEMPATH\CodeIgniter.php(887): class_exists('\\App\\Controllers\\Tomara', true)
 5 SYSTEMPATH\CodeIgniter.php(496): CodeIgniter\CodeIgniter->startController()
 6 SYSTEMPATH\CodeIgniter.php(355): CodeIgniter\CodeIgniter->handleRequest(null, Object(Config\Cache), false)
 7 SYSTEMPATH\Boot.php(325): CodeIgniter\CodeIgniter->run()
 8 SYSTEMPATH\Boot.php(67): CodeIgniter\Boot::runCodeIgniter(Object(CodeIgniter\CodeIgniter))
 9 FCPATH\index.php(56): CodeIgniter\Boot::bootWeb(Object(Config\Paths))
CRITICAL - 2024-12-04 02:15:29 --> Error: Class "App\Controllers\BaseControllers" not found
[Method: GET, Route: tom]
in APPPATH\Controllers\Tomara.php on line 4.
 1 VENDORPATH\composer\ClassLoader.php(576): include()
 2 VENDORPATH\composer\ClassLoader.php(427): Composer\Autoload\{closure}('D:\\Laragon\\laragon\\www\\Tan.pedia\\vendor\\composer/../../app\\Controllers\\Tomara.php')
 3 [internal function]: Composer\Autoload\ClassLoader->loadClass('App\\Controllers\\Tomara')
 4 SYSTEMPATH\CodeIgniter.php(887): class_exists('\\App\\Controllers\\Tomara', true)
 5 SYSTEMPATH\CodeIgniter.php(496): CodeIgniter\CodeIgniter->startController()
 6 SYSTEMPATH\CodeIgniter.php(355): CodeIgniter\CodeIgniter->handleRequest(null, Object(Config\Cache), false)
 7 SYSTEMPATH\Boot.php(325): CodeIgniter\CodeIgniter->run()
 8 SYSTEMPATH\Boot.php(67): CodeIgniter\Boot::runCodeIgniter(Object(CodeIgniter\CodeIgniter))
 9 FCPATH\index.php(56): CodeIgniter\Boot::bootWeb(Object(Config\Paths))
