CRITICAL - 2025-01-16 11:00:21 --> ErrorException: Trait "App\Controllers\Config\Collections" not found
[Method: GET, Route: /]
in APPPATH\Controllers\BaseController.php on line 22.
 1 [internal function]: CodeIgniter\Debug\Exceptions->shutdownHandler()
CRITICAL - 2025-01-16 11:01:37 --> ErrorException: Trait "App\Controllers\Config\Collections" not found
[Method: GET, Route: /]
in APPPATH\Controllers\BaseController.php on line 22.
 1 [internal function]: CodeIgniter\Debug\Exceptions->shutdownHandler()
CRITICAL - 2025-01-16 11:01:38 --> ErrorException: Trait "App\Controllers\Config\Collections" not found
[Method: GET, Route: /]
in APPPATH\Controllers\BaseController.php on line 22.
 1 [internal function]: CodeIgniter\Debug\Exceptions->shutdownHandler()
CRITICAL - 2025-01-16 11:01:39 --> ErrorException: Trait "App\Controllers\Config\Collections" not found
[Method: GET, Route: /]
in APPPATH\Controllers\BaseController.php on line 22.
 1 [internal function]: CodeIgniter\Debug\Exceptions->shutdownHandler()
CRITICAL - 2025-01-16 11:01:39 --> ErrorException: Trait "App\Controllers\Config\Collections" not found
[Method: GET, Route: /]
in APPPATH\Controllers\BaseController.php on line 22.
 1 [internal function]: CodeIgniter\Debug\Exceptions->shutdownHandler()
CRITICAL - 2025-01-16 11:05:02 --> ErrorException: Trait "App\Controllers\Config\Collections" not found
[Method: GET, Route: /]
in APPPATH\Controllers\BaseController.php on line 22.
 1 [internal function]: CodeIgniter\Debug\Exceptions->shutdownHandler()
CRITICAL - 2025-01-16 11:05:03 --> ErrorException: Trait "App\Controllers\Config\Collections" not found
[Method: GET, Route: /]
in APPPATH\Controllers\BaseController.php on line 22.
 1 [internal function]: CodeIgniter\Debug\Exceptions->shutdownHandler()
CRITICAL - 2025-01-16 11:06:29 --> ErrorException: Trait "App\Controllers\Config\Collections" not found
[Method: GET, Route: /]
in APPPATH\Controllers\BaseController.php on line 22.
 1 [internal function]: CodeIgniter\Debug\Exceptions->shutdownHandler()
CRITICAL - 2025-01-16 12:37:04 --> ErrorException: Trait "App\Controllers\Config\Collections" not found
[Method: GET, Route: /]
in APPPATH\Controllers\BaseController.php on line 22.
 1 [internal function]: CodeIgniter\Debug\Exceptions->shutdownHandler()
CRITICAL - 2025-01-16 12:41:43 --> ErrorException: Trait "App\Controllers\Config\Collections" not found
[Method: GET, Route: /]
in APPPATH\Controllers\BaseController.php on line 22.
 1 [internal function]: CodeIgniter\Debug\Exceptions->shutdownHandler()
CRITICAL - 2025-01-16 12:41:44 --> ErrorException: Trait "App\Controllers\Config\Collections" not found
[Method: GET, Route: /]
in APPPATH\Controllers\BaseController.php on line 22.
 1 [internal function]: CodeIgniter\Debug\Exceptions->shutdownHandler()
CRITICAL - 2025-01-16 12:42:30 --> ErrorException: Trait "App\Controllers\Config\Collections" not found
[Method: GET, Route: /]
in APPPATH\Controllers\BaseController.php on line 22.
 1 [internal function]: CodeIgniter\Debug\Exceptions->shutdownHandler()
CRITICAL - 2025-01-16 12:42:31 --> ErrorException: Trait "App\Controllers\Config\Collections" not found
[Method: GET, Route: /]
in APPPATH\Controllers\BaseController.php on line 22.
 1 [internal function]: CodeIgniter\Debug\Exceptions->shutdownHandler()
CRITICAL - 2025-01-16 12:45:07 --> ErrorException: Trait "App\Controllers\Config\Collections" not found
[Method: GET, Route: /]
in APPPATH\Controllers\BaseController.php on line 22.
 1 [internal function]: CodeIgniter\Debug\Exceptions->shutdownHandler()
CRITICAL - 2025-01-16 12:45:08 --> ErrorException: Trait "App\Controllers\Config\Collections" not found
[Method: GET, Route: /]
in APPPATH\Controllers\BaseController.php on line 22.
 1 [internal function]: CodeIgniter\Debug\Exceptions->shutdownHandler()
CRITICAL - 2025-01-16 12:49:07 --> ErrorException: Trait "App\Controllers\Config\Collections" not found
[Method: GET, Route: /]
in APPPATH\Controllers\BaseController.php on line 22.
 1 [internal function]: CodeIgniter\Debug\Exceptions->shutdownHandler()
CRITICAL - 2025-01-16 12:56:30 --> ErrorException: Trait "App\Models\PhoneModel" not found
[Method: GET, Route: phone]
in APPPATH\Controllers\Phone.php on line 6.
 1 [internal function]: CodeIgniter\Debug\Exceptions->shutdownHandler()
WARNING - 2025-01-16 12:56:52 --> [DEPRECATED] Calling static trait method App\Models\PhoneModel::display is deprecated, it should only be called on a class using the trait in APPPATH\Controllers\Phone.php on line 11.
 1 SYSTEMPATH\CodeIgniter.php(933): App\Controllers\Phone->display()
 2 SYSTEMPATH\CodeIgniter.php(509): CodeIgniter\CodeIgniter->runController(Object(App\Controllers\Phone))
 3 SYSTEMPATH\CodeIgniter.php(355): CodeIgniter\CodeIgniter->handleRequest(null, Object(Config\Cache), false)
 4 SYSTEMPATH\Boot.php(325): CodeIgniter\CodeIgniter->run()
 5 SYSTEMPATH\Boot.php(67): CodeIgniter\Boot::runCodeIgniter(Object(CodeIgniter\CodeIgniter))
 6 FCPATH\index.php(56): CodeIgniter\Boot::bootWeb(Object(Config\Paths))
WARNING - 2025-01-16 12:56:52 --> [DEPRECATED] Calling static trait method App\Models\PhoneModel::conn is deprecated, it should only be called on a class using the trait in APPPATH\Models\PhoneModel.php on line 13.
 1 APPPATH\Controllers\Phone.php(11): App\Models\PhoneModel::display()
 2 SYSTEMPATH\CodeIgniter.php(933): App\Controllers\Phone->display()
 3 SYSTEMPATH\CodeIgniter.php(509): CodeIgniter\CodeIgniter->runController(Object(App\Controllers\Phone))
 4 SYSTEMPATH\CodeIgniter.php(355): CodeIgniter\CodeIgniter->handleRequest(null, Object(Config\Cache), false)
 5 SYSTEMPATH\Boot.php(325): CodeIgniter\CodeIgniter->run()
 6 SYSTEMPATH\Boot.php(67): CodeIgniter\Boot::runCodeIgniter(Object(CodeIgniter\CodeIgniter))
 7 FCPATH\index.php(56): CodeIgniter\Boot::bootWeb(Object(Config\Paths))
CRITICAL - 2025-01-16 12:56:52 --> Error: Class "App\Models\Config\Database" not found
[Method: GET, Route: phone]
in APPPATH\Models\PhoneModel.php on line 8.
 1 APPPATH\Models\PhoneModel.php(13): App\Models\PhoneModel::conn()
 2 APPPATH\Controllers\Phone.php(11): App\Models\PhoneModel::display()
 3 SYSTEMPATH\CodeIgniter.php(933): App\Controllers\Phone->display()
 4 SYSTEMPATH\CodeIgniter.php(509): CodeIgniter\CodeIgniter->runController(Object(App\Controllers\Phone))
 5 SYSTEMPATH\CodeIgniter.php(355): CodeIgniter\CodeIgniter->handleRequest(null, Object(Config\Cache), false)
 6 SYSTEMPATH\Boot.php(325): CodeIgniter\CodeIgniter->run()
 7 SYSTEMPATH\Boot.php(67): CodeIgniter\Boot::runCodeIgniter(Object(CodeIgniter\CodeIgniter))
 8 FCPATH\index.php(56): CodeIgniter\Boot::bootWeb(Object(Config\Paths))
WARNING - 2025-01-16 12:57:08 --> [DEPRECATED] Calling static trait method App\Models\PhoneModel::display is deprecated, it should only be called on a class using the trait in APPPATH\Controllers\Phone.php on line 11.
 1 SYSTEMPATH\CodeIgniter.php(933): App\Controllers\Phone->display()
 2 SYSTEMPATH\CodeIgniter.php(509): CodeIgniter\CodeIgniter->runController(Object(App\Controllers\Phone))
 3 SYSTEMPATH\CodeIgniter.php(355): CodeIgniter\CodeIgniter->handleRequest(null, Object(Config\Cache), false)
 4 SYSTEMPATH\Boot.php(325): CodeIgniter\CodeIgniter->run()
 5 SYSTEMPATH\Boot.php(67): CodeIgniter\Boot::runCodeIgniter(Object(CodeIgniter\CodeIgniter))
 6 FCPATH\index.php(56): CodeIgniter\Boot::bootWeb(Object(Config\Paths))
WARNING - 2025-01-16 12:57:08 --> [DEPRECATED] Calling static trait method App\Models\PhoneModel::conn is deprecated, it should only be called on a class using the trait in APPPATH\Models\PhoneModel.php on line 13.
 1 APPPATH\Controllers\Phone.php(11): App\Models\PhoneModel::display()
 2 SYSTEMPATH\CodeIgniter.php(933): App\Controllers\Phone->display()
 3 SYSTEMPATH\CodeIgniter.php(509): CodeIgniter\CodeIgniter->runController(Object(App\Controllers\Phone))
 4 SYSTEMPATH\CodeIgniter.php(355): CodeIgniter\CodeIgniter->handleRequest(null, Object(Config\Cache), false)
 5 SYSTEMPATH\Boot.php(325): CodeIgniter\CodeIgniter->run()
 6 SYSTEMPATH\Boot.php(67): CodeIgniter\Boot::runCodeIgniter(Object(CodeIgniter\CodeIgniter))
 7 FCPATH\index.php(56): CodeIgniter\Boot::bootWeb(Object(Config\Paths))
WARNING - 2025-01-16 13:28:25 --> [DEPRECATED] Calling static trait method App\Models\PhoneModel::display is deprecated, it should only be called on a class using the trait in APPPATH\Controllers\Phone.php on line 13.
 1 SYSTEMPATH\CodeIgniter.php(933): App\Controllers\Phone->display('1')
 2 SYSTEMPATH\CodeIgniter.php(509): CodeIgniter\CodeIgniter->runController(Object(App\Controllers\Phone))
 3 SYSTEMPATH\CodeIgniter.php(355): CodeIgniter\CodeIgniter->handleRequest(null, Object(Config\Cache), false)
 4 SYSTEMPATH\Boot.php(325): CodeIgniter\CodeIgniter->run()
 5 SYSTEMPATH\Boot.php(67): CodeIgniter\Boot::runCodeIgniter(Object(CodeIgniter\CodeIgniter))
 6 FCPATH\index.php(56): CodeIgniter\Boot::bootWeb(Object(Config\Paths))
WARNING - 2025-01-16 13:28:25 --> [DEPRECATED] Calling static trait method App\Models\PhoneModel::conn is deprecated, it should only be called on a class using the trait in APPPATH\Models\PhoneModel.php on line 13.
 1 APPPATH\Controllers\Phone.php(13): App\Models\PhoneModel::display()
 2 SYSTEMPATH\CodeIgniter.php(933): App\Controllers\Phone->display('1')
 3 SYSTEMPATH\CodeIgniter.php(509): CodeIgniter\CodeIgniter->runController(Object(App\Controllers\Phone))
 4 SYSTEMPATH\CodeIgniter.php(355): CodeIgniter\CodeIgniter->handleRequest(null, Object(Config\Cache), false)
 5 SYSTEMPATH\Boot.php(325): CodeIgniter\CodeIgniter->run()
 6 SYSTEMPATH\Boot.php(67): CodeIgniter\Boot::runCodeIgniter(Object(CodeIgniter\CodeIgniter))
 7 FCPATH\index.php(56): CodeIgniter\Boot::bootWeb(Object(Config\Paths))
CRITICAL - 2025-01-16 13:36:38 --> Error: Class "App\Controllers\PhoneModel" not found
[Method: GET, Route: phone/1]
in APPPATH\Controllers\Phone.php on line 13.
 1 SYSTEMPATH\CodeIgniter.php(933): App\Controllers\Phone->display('1')
 2 SYSTEMPATH\CodeIgniter.php(509): CodeIgniter\CodeIgniter->runController(Object(App\Controllers\Phone))
 3 SYSTEMPATH\CodeIgniter.php(355): CodeIgniter\CodeIgniter->handleRequest(null, Object(Config\Cache), false)
 4 SYSTEMPATH\Boot.php(325): CodeIgniter\CodeIgniter->run()
 5 SYSTEMPATH\Boot.php(67): CodeIgniter\Boot::runCodeIgniter(Object(CodeIgniter\CodeIgniter))
 6 FCPATH\index.php(56): CodeIgniter\Boot::bootWeb(Object(Config\Paths))
WARNING - 2025-01-16 13:37:18 --> [DEPRECATED] Calling static trait method App\Models\Phone\Model::display is deprecated, it should only be called on a class using the trait in APPPATH\Controllers\Phone.php on line 13.
 1 SYSTEMPATH\CodeIgniter.php(933): App\Controllers\Phone->display('1')
 2 SYSTEMPATH\CodeIgniter.php(509): CodeIgniter\CodeIgniter->runController(Object(App\Controllers\Phone))
 3 SYSTEMPATH\CodeIgniter.php(355): CodeIgniter\CodeIgniter->handleRequest(null, Object(Config\Cache), false)
 4 SYSTEMPATH\Boot.php(325): CodeIgniter\CodeIgniter->run()
 5 SYSTEMPATH\Boot.php(67): CodeIgniter\Boot::runCodeIgniter(Object(CodeIgniter\CodeIgniter))
 6 FCPATH\index.php(56): CodeIgniter\Boot::bootWeb(Object(Config\Paths))
WARNING - 2025-01-16 13:37:18 --> [DEPRECATED] Calling static trait method App\Models\Phone\Model::conn is deprecated, it should only be called on a class using the trait in APPPATH\Models\Phone\Model.php on line 13.
 1 APPPATH\Controllers\Phone.php(13): App\Models\Phone\Model::display()
 2 SYSTEMPATH\CodeIgniter.php(933): App\Controllers\Phone->display('1')
 3 SYSTEMPATH\CodeIgniter.php(509): CodeIgniter\CodeIgniter->runController(Object(App\Controllers\Phone))
 4 SYSTEMPATH\CodeIgniter.php(355): CodeIgniter\CodeIgniter->handleRequest(null, Object(Config\Cache), false)
 5 SYSTEMPATH\Boot.php(325): CodeIgniter\CodeIgniter->run()
 6 SYSTEMPATH\Boot.php(67): CodeIgniter\Boot::runCodeIgniter(Object(CodeIgniter\CodeIgniter))
 7 FCPATH\index.php(56): CodeIgniter\Boot::bootWeb(Object(Config\Paths))
CRITICAL - 2025-01-16 13:41:58 --> ArgumentCountError: Too few arguments to function App\Controllers\Phone::display(), 0 passed in D:\Laragon\laragon\www\Tan.pedia\vendor\codeigniter4\framework\system\CodeIgniter.php on line 933 and exactly 1 expected
[Method: GET, Route: phone]
in APPPATH\Controllers\Phone.php on line 10.
 1 SYSTEMPATH\CodeIgniter.php(933): App\Controllers\Phone->display()
 2 SYSTEMPATH\CodeIgniter.php(509): CodeIgniter\CodeIgniter->runController(Object(App\Controllers\Phone))
 3 SYSTEMPATH\CodeIgniter.php(355): CodeIgniter\CodeIgniter->handleRequest(null, Object(Config\Cache), false)
 4 SYSTEMPATH\Boot.php(325): CodeIgniter\CodeIgniter->run()
 5 SYSTEMPATH\Boot.php(67): CodeIgniter\Boot::runCodeIgniter(Object(CodeIgniter\CodeIgniter))
 6 FCPATH\index.php(56): CodeIgniter\Boot::bootWeb(Object(Config\Paths))
WARNING - 2025-01-16 13:42:15 --> [DEPRECATED] Calling static trait method App\Models\Phone\Model::display is deprecated, it should only be called on a class using the trait in APPPATH\Controllers\Phone.php on line 12.
 1 SYSTEMPATH\CodeIgniter.php(933): App\Controllers\Phone->display()
 2 SYSTEMPATH\CodeIgniter.php(509): CodeIgniter\CodeIgniter->runController(Object(App\Controllers\Phone))
 3 SYSTEMPATH\CodeIgniter.php(355): CodeIgniter\CodeIgniter->handleRequest(null, Object(Config\Cache), false)
 4 SYSTEMPATH\Boot.php(325): CodeIgniter\CodeIgniter->run()
 5 SYSTEMPATH\Boot.php(67): CodeIgniter\Boot::runCodeIgniter(Object(CodeIgniter\CodeIgniter))
 6 FCPATH\index.php(56): CodeIgniter\Boot::bootWeb(Object(Config\Paths))
WARNING - 2025-01-16 13:42:15 --> [DEPRECATED] Calling static trait method App\Models\Phone\Model::conn is deprecated, it should only be called on a class using the trait in APPPATH\Models\Phone\Model.php on line 13.
 1 APPPATH\Controllers\Phone.php(12): App\Models\Phone\Model::display()
 2 SYSTEMPATH\CodeIgniter.php(933): App\Controllers\Phone->display()
 3 SYSTEMPATH\CodeIgniter.php(509): CodeIgniter\CodeIgniter->runController(Object(App\Controllers\Phone))
 4 SYSTEMPATH\CodeIgniter.php(355): CodeIgniter\CodeIgniter->handleRequest(null, Object(Config\Cache), false)
 5 SYSTEMPATH\Boot.php(325): CodeIgniter\CodeIgniter->run()
 6 SYSTEMPATH\Boot.php(67): CodeIgniter\Boot::runCodeIgniter(Object(CodeIgniter\CodeIgniter))
 7 FCPATH\index.php(56): CodeIgniter\Boot::bootWeb(Object(Config\Paths))
CRITICAL - 2025-01-16 13:48:10 --> ErrorException: During class fetch: Uncaught ParseError: syntax error, unexpected token "}", expecting ";" in D:\Laragon\laragon\www\Tan.pedia\app\Models\Phone\Response.php:24
Stack trace:
#0 D:\Laragon\laragon\www\Tan.pedia\vendor\composer\ClassLoader.php(427): Composer\Autoload\{closure}('D:\\Laragon\\lara...')
#1 D:\Laragon\laragon\www\Tan.pedia\app\Controllers\Phone.php(6): Composer\Autoload\ClassLoader->loadClass('App\\Models\\Phon...')
#2 D:\Laragon\laragon\www\Tan.pedia\vendor\composer\ClassLoader.php(576): include('D:\\Laragon\\lara...')
#3 D:\Laragon\laragon\www\Tan.pedia\vendor\composer\ClassLoader.php(427): Composer\Autoload\{closure}('D:\\Laragon\\lara...')
#4 [internal function]: Composer\Autoload\ClassLoader->loadClass('App\\Controllers...')
#5 D:\Laragon\laragon\www\Tan.pedia\vendor\codeigniter4\framework\system\CodeIgniter.php(887): class_exists('\\App\\Controller...', true)
#6 D:\Laragon\laragon\www\Tan.pedia\vendor\codeigniter4\framework\system\CodeIgniter.php(496): CodeIgniter\CodeIgniter->startController()
#7 D:\Laragon\laragon\www\Tan.pedia\vendor\codeigniter4\framework\system\CodeIgniter.php(355): CodeIgniter\CodeIgniter->handleRequest(NULL, Object(Config\Cache), false)
#8 D:\Laragon\laragon\www\Tan.pedia\vendor\codeigniter4\framework\system\Boot.php(325): CodeIgniter\CodeIgniter->run()
#9 D:\Laragon\laragon\www\Tan.pedia\vendor\codeigniter4\framework\system\Boot.php(67): CodeIgniter\Boot::runCodeIgniter(Object(CodeIgniter\CodeIgniter))
#10 D:\Laragon\laragon\www\Tan.pedia\public\index.php(56): CodeIgniter\Boot::bootWeb(Object(Config\Paths))
#11 {main}
[Method: GET, Route: phone]
in APPPATH\Controllers\Phone.php on line 6.
 1 [internal function]: CodeIgniter\Debug\Exceptions->shutdownHandler()
WARNING - 2025-01-16 13:48:32 --> [DEPRECATED] Calling static trait method App\Models\Phone\Model::display is deprecated, it should only be called on a class using the trait in APPPATH\Controllers\Phone.php on line 12.
 1 SYSTEMPATH\CodeIgniter.php(933): App\Controllers\Phone->display()
 2 SYSTEMPATH\CodeIgniter.php(509): CodeIgniter\CodeIgniter->runController(Object(App\Controllers\Phone))
 3 SYSTEMPATH\CodeIgniter.php(355): CodeIgniter\CodeIgniter->handleRequest(null, Object(Config\Cache), false)
 4 SYSTEMPATH\Boot.php(325): CodeIgniter\CodeIgniter->run()
 5 SYSTEMPATH\Boot.php(67): CodeIgniter\Boot::runCodeIgniter(Object(CodeIgniter\CodeIgniter))
 6 FCPATH\index.php(56): CodeIgniter\Boot::bootWeb(Object(Config\Paths))
WARNING - 2025-01-16 13:48:32 --> [DEPRECATED] Calling static trait method App\Models\Phone\Model::conn is deprecated, it should only be called on a class using the trait in APPPATH\Models\Phone\Model.php on line 13.
 1 APPPATH\Controllers\Phone.php(12): App\Models\Phone\Model::display()
 2 SYSTEMPATH\CodeIgniter.php(933): App\Controllers\Phone->display()
 3 SYSTEMPATH\CodeIgniter.php(509): CodeIgniter\CodeIgniter->runController(Object(App\Controllers\Phone))
 4 SYSTEMPATH\CodeIgniter.php(355): CodeIgniter\CodeIgniter->handleRequest(null, Object(Config\Cache), false)
 5 SYSTEMPATH\Boot.php(325): CodeIgniter\CodeIgniter->run()
 6 SYSTEMPATH\Boot.php(67): CodeIgniter\Boot::runCodeIgniter(Object(CodeIgniter\CodeIgniter))
 7 FCPATH\index.php(56): CodeIgniter\Boot::bootWeb(Object(Config\Paths))
WARNING - 2025-01-16 13:48:32 --> [DEPRECATED] Calling static trait method App\Models\Phone\Response::display is deprecated, it should only be called on a class using the trait in APPPATH\Controllers\Phone.php on line 13.
 1 SYSTEMPATH\CodeIgniter.php(933): App\Controllers\Phone->display()
 2 SYSTEMPATH\CodeIgniter.php(509): CodeIgniter\CodeIgniter->runController(Object(App\Controllers\Phone))
 3 SYSTEMPATH\CodeIgniter.php(355): CodeIgniter\CodeIgniter->handleRequest(null, Object(Config\Cache), false)
 4 SYSTEMPATH\Boot.php(325): CodeIgniter\CodeIgniter->run()
 5 SYSTEMPATH\Boot.php(67): CodeIgniter\Boot::runCodeIgniter(Object(CodeIgniter\CodeIgniter))
 6 FCPATH\index.php(56): CodeIgniter\Boot::bootWeb(Object(Config\Paths))
CRITICAL - 2025-01-16 13:48:32 --> ErrorException: App\Models\Phone\Response::App\Models\Phone\{closure}(): Argument #1 ($data) must be passed by reference, value given
[Method: GET, Route: phone]
in APPPATH\Models\Phone\Response.php on line 8.
 1 [internal function]: CodeIgniter\Debug\Exceptions->errorHandler(2, 'App\\Models\\Phone\\Response::App\\Models\\Phone\\{closure}(): Argument #1 ($data) must be passed by reference, value given', 'D:\\Laragon\\laragon\\www\\Tan.pedia\\app\\Models\\Phone\\Response.php', 8)
 2 APPPATH\Models\Phone\Response.php(8): array_map(Object(Closure), [...])
 3 APPPATH\Controllers\Phone.php(13): App\Models\Phone\Response::display([...])
 4 SYSTEMPATH\CodeIgniter.php(933): App\Controllers\Phone->display()
 5 SYSTEMPATH\CodeIgniter.php(509): CodeIgniter\CodeIgniter->runController(Object(App\Controllers\Phone))
 6 SYSTEMPATH\CodeIgniter.php(355): CodeIgniter\CodeIgniter->handleRequest(null, Object(Config\Cache), false)
 7 SYSTEMPATH\Boot.php(325): CodeIgniter\CodeIgniter->run()
 8 SYSTEMPATH\Boot.php(67): CodeIgniter\Boot::runCodeIgniter(Object(CodeIgniter\CodeIgniter))
 9 FCPATH\index.php(56): CodeIgniter\Boot::bootWeb(Object(Config\Paths))
WARNING - 2025-01-16 13:48:51 --> [DEPRECATED] Calling static trait method App\Models\Phone\Model::display is deprecated, it should only be called on a class using the trait in APPPATH\Controllers\Phone.php on line 12.
 1 SYSTEMPATH\CodeIgniter.php(933): App\Controllers\Phone->display()
 2 SYSTEMPATH\CodeIgniter.php(509): CodeIgniter\CodeIgniter->runController(Object(App\Controllers\Phone))
 3 SYSTEMPATH\CodeIgniter.php(355): CodeIgniter\CodeIgniter->handleRequest(null, Object(Config\Cache), false)
 4 SYSTEMPATH\Boot.php(325): CodeIgniter\CodeIgniter->run()
 5 SYSTEMPATH\Boot.php(67): CodeIgniter\Boot::runCodeIgniter(Object(CodeIgniter\CodeIgniter))
 6 FCPATH\index.php(56): CodeIgniter\Boot::bootWeb(Object(Config\Paths))
WARNING - 2025-01-16 13:48:51 --> [DEPRECATED] Calling static trait method App\Models\Phone\Model::conn is deprecated, it should only be called on a class using the trait in APPPATH\Models\Phone\Model.php on line 13.
 1 APPPATH\Controllers\Phone.php(12): App\Models\Phone\Model::display()
 2 SYSTEMPATH\CodeIgniter.php(933): App\Controllers\Phone->display()
 3 SYSTEMPATH\CodeIgniter.php(509): CodeIgniter\CodeIgniter->runController(Object(App\Controllers\Phone))
 4 SYSTEMPATH\CodeIgniter.php(355): CodeIgniter\CodeIgniter->handleRequest(null, Object(Config\Cache), false)
 5 SYSTEMPATH\Boot.php(325): CodeIgniter\CodeIgniter->run()
 6 SYSTEMPATH\Boot.php(67): CodeIgniter\Boot::runCodeIgniter(Object(CodeIgniter\CodeIgniter))
 7 FCPATH\index.php(56): CodeIgniter\Boot::bootWeb(Object(Config\Paths))
WARNING - 2025-01-16 13:48:52 --> [DEPRECATED] Calling static trait method App\Models\Phone\Response::display is deprecated, it should only be called on a class using the trait in APPPATH\Controllers\Phone.php on line 13.
 1 SYSTEMPATH\CodeIgniter.php(933): App\Controllers\Phone->display()
 2 SYSTEMPATH\CodeIgniter.php(509): CodeIgniter\CodeIgniter->runController(Object(App\Controllers\Phone))
 3 SYSTEMPATH\CodeIgniter.php(355): CodeIgniter\CodeIgniter->handleRequest(null, Object(Config\Cache), false)
 4 SYSTEMPATH\Boot.php(325): CodeIgniter\CodeIgniter->run()
 5 SYSTEMPATH\Boot.php(67): CodeIgniter\Boot::runCodeIgniter(Object(CodeIgniter\CodeIgniter))
 6 FCPATH\index.php(56): CodeIgniter\Boot::bootWeb(Object(Config\Paths))
WARNING - 2025-01-16 13:54:26 --> [DEPRECATED] Calling static trait method App\Models\Phone\Model::display is deprecated, it should only be called on a class using the trait in APPPATH\Controllers\Phone.php on line 12.
 1 SYSTEMPATH\CodeIgniter.php(933): App\Controllers\Phone->display()
 2 SYSTEMPATH\CodeIgniter.php(509): CodeIgniter\CodeIgniter->runController(Object(App\Controllers\Phone))
 3 SYSTEMPATH\CodeIgniter.php(355): CodeIgniter\CodeIgniter->handleRequest(null, Object(Config\Cache), false)
 4 SYSTEMPATH\Boot.php(325): CodeIgniter\CodeIgniter->run()
 5 SYSTEMPATH\Boot.php(67): CodeIgniter\Boot::runCodeIgniter(Object(CodeIgniter\CodeIgniter))
 6 FCPATH\index.php(56): CodeIgniter\Boot::bootWeb(Object(Config\Paths))
WARNING - 2025-01-16 13:54:26 --> [DEPRECATED] Calling static trait method App\Models\Phone\Model::conn is deprecated, it should only be called on a class using the trait in APPPATH\Models\Phone\Model.php on line 13.
 1 APPPATH\Controllers\Phone.php(12): App\Models\Phone\Model::display()
 2 SYSTEMPATH\CodeIgniter.php(933): App\Controllers\Phone->display()
 3 SYSTEMPATH\CodeIgniter.php(509): CodeIgniter\CodeIgniter->runController(Object(App\Controllers\Phone))
 4 SYSTEMPATH\CodeIgniter.php(355): CodeIgniter\CodeIgniter->handleRequest(null, Object(Config\Cache), false)
 5 SYSTEMPATH\Boot.php(325): CodeIgniter\CodeIgniter->run()
 6 SYSTEMPATH\Boot.php(67): CodeIgniter\Boot::runCodeIgniter(Object(CodeIgniter\CodeIgniter))
 7 FCPATH\index.php(56): CodeIgniter\Boot::bootWeb(Object(Config\Paths))
WARNING - 2025-01-16 13:54:26 --> [DEPRECATED] Calling static trait method App\Models\Phone\Response::display is deprecated, it should only be called on a class using the trait in APPPATH\Controllers\Phone.php on line 13.
 1 SYSTEMPATH\CodeIgniter.php(933): App\Controllers\Phone->display()
 2 SYSTEMPATH\CodeIgniter.php(509): CodeIgniter\CodeIgniter->runController(Object(App\Controllers\Phone))
 3 SYSTEMPATH\CodeIgniter.php(355): CodeIgniter\CodeIgniter->handleRequest(null, Object(Config\Cache), false)
 4 SYSTEMPATH\Boot.php(325): CodeIgniter\CodeIgniter->run()
 5 SYSTEMPATH\Boot.php(67): CodeIgniter\Boot::runCodeIgniter(Object(CodeIgniter\CodeIgniter))
 6 FCPATH\index.php(56): CodeIgniter\Boot::bootWeb(Object(Config\Paths))
WARNING - 2025-01-16 13:56:08 --> [DEPRECATED] Calling static trait method App\Models\Phone\Model::display is deprecated, it should only be called on a class using the trait in APPPATH\Controllers\Phone.php on line 12.
 1 SYSTEMPATH\CodeIgniter.php(933): App\Controllers\Phone->display()
 2 SYSTEMPATH\CodeIgniter.php(509): CodeIgniter\CodeIgniter->runController(Object(App\Controllers\Phone))
 3 SYSTEMPATH\CodeIgniter.php(355): CodeIgniter\CodeIgniter->handleRequest(null, Object(Config\Cache), false)
 4 SYSTEMPATH\Boot.php(325): CodeIgniter\CodeIgniter->run()
 5 SYSTEMPATH\Boot.php(67): CodeIgniter\Boot::runCodeIgniter(Object(CodeIgniter\CodeIgniter))
 6 FCPATH\index.php(56): CodeIgniter\Boot::bootWeb(Object(Config\Paths))
WARNING - 2025-01-16 13:56:08 --> [DEPRECATED] Calling static trait method App\Models\Phone\Model::conn is deprecated, it should only be called on a class using the trait in APPPATH\Models\Phone\Model.php on line 13.
 1 APPPATH\Controllers\Phone.php(12): App\Models\Phone\Model::display()
 2 SYSTEMPATH\CodeIgniter.php(933): App\Controllers\Phone->display()
 3 SYSTEMPATH\CodeIgniter.php(509): CodeIgniter\CodeIgniter->runController(Object(App\Controllers\Phone))
 4 SYSTEMPATH\CodeIgniter.php(355): CodeIgniter\CodeIgniter->handleRequest(null, Object(Config\Cache), false)
 5 SYSTEMPATH\Boot.php(325): CodeIgniter\CodeIgniter->run()
 6 SYSTEMPATH\Boot.php(67): CodeIgniter\Boot::runCodeIgniter(Object(CodeIgniter\CodeIgniter))
 7 FCPATH\index.php(56): CodeIgniter\Boot::bootWeb(Object(Config\Paths))
WARNING - 2025-01-16 13:56:08 --> [DEPRECATED] Calling static trait method App\Models\Phone\Response::display is deprecated, it should only be called on a class using the trait in APPPATH\Controllers\Phone.php on line 13.
 1 SYSTEMPATH\CodeIgniter.php(933): App\Controllers\Phone->display()
 2 SYSTEMPATH\CodeIgniter.php(509): CodeIgniter\CodeIgniter->runController(Object(App\Controllers\Phone))
 3 SYSTEMPATH\CodeIgniter.php(355): CodeIgniter\CodeIgniter->handleRequest(null, Object(Config\Cache), false)
 4 SYSTEMPATH\Boot.php(325): CodeIgniter\CodeIgniter->run()
 5 SYSTEMPATH\Boot.php(67): CodeIgniter\Boot::runCodeIgniter(Object(CodeIgniter\CodeIgniter))
 6 FCPATH\index.php(56): CodeIgniter\Boot::bootWeb(Object(Config\Paths))
WARNING - 2025-01-16 14:02:03 --> [DEPRECATED] Calling static trait method App\Models\Phone\Model::display is deprecated, it should only be called on a class using the trait in APPPATH\Controllers\Phone.php on line 12.
 1 SYSTEMPATH\CodeIgniter.php(933): App\Controllers\Phone->display()
 2 SYSTEMPATH\CodeIgniter.php(509): CodeIgniter\CodeIgniter->runController(Object(App\Controllers\Phone))
 3 SYSTEMPATH\CodeIgniter.php(355): CodeIgniter\CodeIgniter->handleRequest(null, Object(Config\Cache), false)
 4 SYSTEMPATH\Boot.php(325): CodeIgniter\CodeIgniter->run()
 5 SYSTEMPATH\Boot.php(67): CodeIgniter\Boot::runCodeIgniter(Object(CodeIgniter\CodeIgniter))
 6 FCPATH\index.php(56): CodeIgniter\Boot::bootWeb(Object(Config\Paths))
WARNING - 2025-01-16 14:02:03 --> [DEPRECATED] Calling static trait method App\Models\Phone\Model::conn is deprecated, it should only be called on a class using the trait in APPPATH\Models\Phone\Model.php on line 13.
 1 APPPATH\Controllers\Phone.php(12): App\Models\Phone\Model::display()
 2 SYSTEMPATH\CodeIgniter.php(933): App\Controllers\Phone->display()
 3 SYSTEMPATH\CodeIgniter.php(509): CodeIgniter\CodeIgniter->runController(Object(App\Controllers\Phone))
 4 SYSTEMPATH\CodeIgniter.php(355): CodeIgniter\CodeIgniter->handleRequest(null, Object(Config\Cache), false)
 5 SYSTEMPATH\Boot.php(325): CodeIgniter\CodeIgniter->run()
 6 SYSTEMPATH\Boot.php(67): CodeIgniter\Boot::runCodeIgniter(Object(CodeIgniter\CodeIgniter))
 7 FCPATH\index.php(56): CodeIgniter\Boot::bootWeb(Object(Config\Paths))
WARNING - 2025-01-16 14:02:03 --> [DEPRECATED] Calling static trait method App\Models\Phone\Response::display is deprecated, it should only be called on a class using the trait in APPPATH\Controllers\Phone.php on line 13.
 1 SYSTEMPATH\CodeIgniter.php(933): App\Controllers\Phone->display()
 2 SYSTEMPATH\CodeIgniter.php(509): CodeIgniter\CodeIgniter->runController(Object(App\Controllers\Phone))
 3 SYSTEMPATH\CodeIgniter.php(355): CodeIgniter\CodeIgniter->handleRequest(null, Object(Config\Cache), false)
 4 SYSTEMPATH\Boot.php(325): CodeIgniter\CodeIgniter->run()
 5 SYSTEMPATH\Boot.php(67): CodeIgniter\Boot::runCodeIgniter(Object(CodeIgniter\CodeIgniter))
 6 FCPATH\index.php(56): CodeIgniter\Boot::bootWeb(Object(Config\Paths))
WARNING - 2025-01-16 14:02:26 --> [DEPRECATED] Calling static trait method App\Models\Phone\Model::display is deprecated, it should only be called on a class using the trait in APPPATH\Controllers\Phone.php on line 12.
 1 SYSTEMPATH\CodeIgniter.php(933): App\Controllers\Phone->display()
 2 SYSTEMPATH\CodeIgniter.php(509): CodeIgniter\CodeIgniter->runController(Object(App\Controllers\Phone))
 3 SYSTEMPATH\CodeIgniter.php(355): CodeIgniter\CodeIgniter->handleRequest(null, Object(Config\Cache), false)
 4 SYSTEMPATH\Boot.php(325): CodeIgniter\CodeIgniter->run()
 5 SYSTEMPATH\Boot.php(67): CodeIgniter\Boot::runCodeIgniter(Object(CodeIgniter\CodeIgniter))
 6 FCPATH\index.php(56): CodeIgniter\Boot::bootWeb(Object(Config\Paths))
WARNING - 2025-01-16 14:02:26 --> [DEPRECATED] Calling static trait method App\Models\Phone\Model::conn is deprecated, it should only be called on a class using the trait in APPPATH\Models\Phone\Model.php on line 13.
 1 APPPATH\Controllers\Phone.php(12): App\Models\Phone\Model::display()
 2 SYSTEMPATH\CodeIgniter.php(933): App\Controllers\Phone->display()
 3 SYSTEMPATH\CodeIgniter.php(509): CodeIgniter\CodeIgniter->runController(Object(App\Controllers\Phone))
 4 SYSTEMPATH\CodeIgniter.php(355): CodeIgniter\CodeIgniter->handleRequest(null, Object(Config\Cache), false)
 5 SYSTEMPATH\Boot.php(325): CodeIgniter\CodeIgniter->run()
 6 SYSTEMPATH\Boot.php(67): CodeIgniter\Boot::runCodeIgniter(Object(CodeIgniter\CodeIgniter))
 7 FCPATH\index.php(56): CodeIgniter\Boot::bootWeb(Object(Config\Paths))
WARNING - 2025-01-16 14:02:26 --> [DEPRECATED] Calling static trait method App\Models\Phone\Response::display is deprecated, it should only be called on a class using the trait in APPPATH\Controllers\Phone.php on line 13.
 1 SYSTEMPATH\CodeIgniter.php(933): App\Controllers\Phone->display()
 2 SYSTEMPATH\CodeIgniter.php(509): CodeIgniter\CodeIgniter->runController(Object(App\Controllers\Phone))
 3 SYSTEMPATH\CodeIgniter.php(355): CodeIgniter\CodeIgniter->handleRequest(null, Object(Config\Cache), false)
 4 SYSTEMPATH\Boot.php(325): CodeIgniter\CodeIgniter->run()
 5 SYSTEMPATH\Boot.php(67): CodeIgniter\Boot::runCodeIgniter(Object(CodeIgniter\CodeIgniter))
 6 FCPATH\index.php(56): CodeIgniter\Boot::bootWeb(Object(Config\Paths))
WARNING - 2025-01-16 14:20:23 --> [DEPRECATED] Calling static trait method App\Models\Phone\Model::display is deprecated, it should only be called on a class using the trait in APPPATH\Controllers\Phone.php on line 12.
 1 SYSTEMPATH\CodeIgniter.php(933): App\Controllers\Phone->display()
 2 SYSTEMPATH\CodeIgniter.php(509): CodeIgniter\CodeIgniter->runController(Object(App\Controllers\Phone))
 3 SYSTEMPATH\CodeIgniter.php(355): CodeIgniter\CodeIgniter->handleRequest(null, Object(Config\Cache), false)
 4 SYSTEMPATH\Boot.php(325): CodeIgniter\CodeIgniter->run()
 5 SYSTEMPATH\Boot.php(67): CodeIgniter\Boot::runCodeIgniter(Object(CodeIgniter\CodeIgniter))
 6 FCPATH\index.php(56): CodeIgniter\Boot::bootWeb(Object(Config\Paths))
WARNING - 2025-01-16 14:20:23 --> [DEPRECATED] Calling static trait method App\Models\Phone\Model::conn is deprecated, it should only be called on a class using the trait in APPPATH\Models\Phone\Model.php on line 13.
 1 APPPATH\Controllers\Phone.php(12): App\Models\Phone\Model::display()
 2 SYSTEMPATH\CodeIgniter.php(933): App\Controllers\Phone->display()
 3 SYSTEMPATH\CodeIgniter.php(509): CodeIgniter\CodeIgniter->runController(Object(App\Controllers\Phone))
 4 SYSTEMPATH\CodeIgniter.php(355): CodeIgniter\CodeIgniter->handleRequest(null, Object(Config\Cache), false)
 5 SYSTEMPATH\Boot.php(325): CodeIgniter\CodeIgniter->run()
 6 SYSTEMPATH\Boot.php(67): CodeIgniter\Boot::runCodeIgniter(Object(CodeIgniter\CodeIgniter))
 7 FCPATH\index.php(56): CodeIgniter\Boot::bootWeb(Object(Config\Paths))
WARNING - 2025-01-16 14:20:23 --> [DEPRECATED] Calling static trait method App\Models\Phone\Response::display is deprecated, it should only be called on a class using the trait in APPPATH\Controllers\Phone.php on line 13.
 1 SYSTEMPATH\CodeIgniter.php(933): App\Controllers\Phone->display()
 2 SYSTEMPATH\CodeIgniter.php(509): CodeIgniter\CodeIgniter->runController(Object(App\Controllers\Phone))
 3 SYSTEMPATH\CodeIgniter.php(355): CodeIgniter\CodeIgniter->handleRequest(null, Object(Config\Cache), false)
 4 SYSTEMPATH\Boot.php(325): CodeIgniter\CodeIgniter->run()
 5 SYSTEMPATH\Boot.php(67): CodeIgniter\Boot::runCodeIgniter(Object(CodeIgniter\CodeIgniter))
 6 FCPATH\index.php(56): CodeIgniter\Boot::bootWeb(Object(Config\Paths))
WARNING - 2025-01-16 14:20:58 --> [DEPRECATED] Calling static trait method App\Models\Phone\Model::display is deprecated, it should only be called on a class using the trait in APPPATH\Controllers\Phone.php on line 12.
 1 SYSTEMPATH\CodeIgniter.php(933): App\Controllers\Phone->display()
 2 SYSTEMPATH\CodeIgniter.php(509): CodeIgniter\CodeIgniter->runController(Object(App\Controllers\Phone))
 3 SYSTEMPATH\CodeIgniter.php(355): CodeIgniter\CodeIgniter->handleRequest(null, Object(Config\Cache), false)
 4 SYSTEMPATH\Boot.php(325): CodeIgniter\CodeIgniter->run()
 5 SYSTEMPATH\Boot.php(67): CodeIgniter\Boot::runCodeIgniter(Object(CodeIgniter\CodeIgniter))
 6 FCPATH\index.php(56): CodeIgniter\Boot::bootWeb(Object(Config\Paths))
WARNING - 2025-01-16 14:20:58 --> [DEPRECATED] Calling static trait method App\Models\Phone\Model::conn is deprecated, it should only be called on a class using the trait in APPPATH\Models\Phone\Model.php on line 13.
 1 APPPATH\Controllers\Phone.php(12): App\Models\Phone\Model::display()
 2 SYSTEMPATH\CodeIgniter.php(933): App\Controllers\Phone->display()
 3 SYSTEMPATH\CodeIgniter.php(509): CodeIgniter\CodeIgniter->runController(Object(App\Controllers\Phone))
 4 SYSTEMPATH\CodeIgniter.php(355): CodeIgniter\CodeIgniter->handleRequest(null, Object(Config\Cache), false)
 5 SYSTEMPATH\Boot.php(325): CodeIgniter\CodeIgniter->run()
 6 SYSTEMPATH\Boot.php(67): CodeIgniter\Boot::runCodeIgniter(Object(CodeIgniter\CodeIgniter))
 7 FCPATH\index.php(56): CodeIgniter\Boot::bootWeb(Object(Config\Paths))
WARNING - 2025-01-16 14:20:58 --> [DEPRECATED] Calling static trait method App\Models\Phone\Response::display is deprecated, it should only be called on a class using the trait in APPPATH\Controllers\Phone.php on line 13.
 1 SYSTEMPATH\CodeIgniter.php(933): App\Controllers\Phone->display()
 2 SYSTEMPATH\CodeIgniter.php(509): CodeIgniter\CodeIgniter->runController(Object(App\Controllers\Phone))
 3 SYSTEMPATH\CodeIgniter.php(355): CodeIgniter\CodeIgniter->handleRequest(null, Object(Config\Cache), false)
 4 SYSTEMPATH\Boot.php(325): CodeIgniter\CodeIgniter->run()
 5 SYSTEMPATH\Boot.php(67): CodeIgniter\Boot::runCodeIgniter(Object(CodeIgniter\CodeIgniter))
 6 FCPATH\index.php(56): CodeIgniter\Boot::bootWeb(Object(Config\Paths))
WARNING - 2025-01-16 14:21:52 --> [DEPRECATED] Calling static trait method App\Models\Phone\Model::display is deprecated, it should only be called on a class using the trait in APPPATH\Controllers\Phone.php on line 12.
 1 SYSTEMPATH\CodeIgniter.php(933): App\Controllers\Phone->display()
 2 SYSTEMPATH\CodeIgniter.php(509): CodeIgniter\CodeIgniter->runController(Object(App\Controllers\Phone))
 3 SYSTEMPATH\CodeIgniter.php(355): CodeIgniter\CodeIgniter->handleRequest(null, Object(Config\Cache), false)
 4 SYSTEMPATH\Boot.php(325): CodeIgniter\CodeIgniter->run()
 5 SYSTEMPATH\Boot.php(67): CodeIgniter\Boot::runCodeIgniter(Object(CodeIgniter\CodeIgniter))
 6 FCPATH\index.php(56): CodeIgniter\Boot::bootWeb(Object(Config\Paths))
WARNING - 2025-01-16 14:21:52 --> [DEPRECATED] Calling static trait method App\Models\Phone\Model::conn is deprecated, it should only be called on a class using the trait in APPPATH\Models\Phone\Model.php on line 13.
 1 APPPATH\Controllers\Phone.php(12): App\Models\Phone\Model::display()
 2 SYSTEMPATH\CodeIgniter.php(933): App\Controllers\Phone->display()
 3 SYSTEMPATH\CodeIgniter.php(509): CodeIgniter\CodeIgniter->runController(Object(App\Controllers\Phone))
 4 SYSTEMPATH\CodeIgniter.php(355): CodeIgniter\CodeIgniter->handleRequest(null, Object(Config\Cache), false)
 5 SYSTEMPATH\Boot.php(325): CodeIgniter\CodeIgniter->run()
 6 SYSTEMPATH\Boot.php(67): CodeIgniter\Boot::runCodeIgniter(Object(CodeIgniter\CodeIgniter))
 7 FCPATH\index.php(56): CodeIgniter\Boot::bootWeb(Object(Config\Paths))
WARNING - 2025-01-16 14:21:52 --> [DEPRECATED] Calling static trait method App\Models\Phone\Response::display is deprecated, it should only be called on a class using the trait in APPPATH\Controllers\Phone.php on line 13.
 1 SYSTEMPATH\CodeIgniter.php(933): App\Controllers\Phone->display()
 2 SYSTEMPATH\CodeIgniter.php(509): CodeIgniter\CodeIgniter->runController(Object(App\Controllers\Phone))
 3 SYSTEMPATH\CodeIgniter.php(355): CodeIgniter\CodeIgniter->handleRequest(null, Object(Config\Cache), false)
 4 SYSTEMPATH\Boot.php(325): CodeIgniter\CodeIgniter->run()
 5 SYSTEMPATH\Boot.php(67): CodeIgniter\Boot::runCodeIgniter(Object(CodeIgniter\CodeIgniter))
 6 FCPATH\index.php(56): CodeIgniter\Boot::bootWeb(Object(Config\Paths))
WARNING - 2025-01-16 14:22:35 --> [DEPRECATED] Calling static trait method App\Models\Phone\Model::display is deprecated, it should only be called on a class using the trait in APPPATH\Controllers\Phone.php on line 12.
 1 SYSTEMPATH\CodeIgniter.php(933): App\Controllers\Phone->display()
 2 SYSTEMPATH\CodeIgniter.php(509): CodeIgniter\CodeIgniter->runController(Object(App\Controllers\Phone))
 3 SYSTEMPATH\CodeIgniter.php(355): CodeIgniter\CodeIgniter->handleRequest(null, Object(Config\Cache), false)
 4 SYSTEMPATH\Boot.php(325): CodeIgniter\CodeIgniter->run()
 5 SYSTEMPATH\Boot.php(67): CodeIgniter\Boot::runCodeIgniter(Object(CodeIgniter\CodeIgniter))
 6 FCPATH\index.php(56): CodeIgniter\Boot::bootWeb(Object(Config\Paths))
WARNING - 2025-01-16 14:22:35 --> [DEPRECATED] Calling static trait method App\Models\Phone\Model::conn is deprecated, it should only be called on a class using the trait in APPPATH\Models\Phone\Model.php on line 13.
 1 APPPATH\Controllers\Phone.php(12): App\Models\Phone\Model::display()
 2 SYSTEMPATH\CodeIgniter.php(933): App\Controllers\Phone->display()
 3 SYSTEMPATH\CodeIgniter.php(509): CodeIgniter\CodeIgniter->runController(Object(App\Controllers\Phone))
 4 SYSTEMPATH\CodeIgniter.php(355): CodeIgniter\CodeIgniter->handleRequest(null, Object(Config\Cache), false)
 5 SYSTEMPATH\Boot.php(325): CodeIgniter\CodeIgniter->run()
 6 SYSTEMPATH\Boot.php(67): CodeIgniter\Boot::runCodeIgniter(Object(CodeIgniter\CodeIgniter))
 7 FCPATH\index.php(56): CodeIgniter\Boot::bootWeb(Object(Config\Paths))
WARNING - 2025-01-16 14:22:35 --> [DEPRECATED] Calling static trait method App\Models\Phone\Response::display is deprecated, it should only be called on a class using the trait in APPPATH\Controllers\Phone.php on line 13.
 1 SYSTEMPATH\CodeIgniter.php(933): App\Controllers\Phone->display()
 2 SYSTEMPATH\CodeIgniter.php(509): CodeIgniter\CodeIgniter->runController(Object(App\Controllers\Phone))
 3 SYSTEMPATH\CodeIgniter.php(355): CodeIgniter\CodeIgniter->handleRequest(null, Object(Config\Cache), false)
 4 SYSTEMPATH\Boot.php(325): CodeIgniter\CodeIgniter->run()
 5 SYSTEMPATH\Boot.php(67): CodeIgniter\Boot::runCodeIgniter(Object(CodeIgniter\CodeIgniter))
 6 FCPATH\index.php(56): CodeIgniter\Boot::bootWeb(Object(Config\Paths))
WARNING - 2025-01-16 14:23:30 --> [DEPRECATED] Calling static trait method App\Models\Phone\Model::display is deprecated, it should only be called on a class using the trait in APPPATH\Controllers\Phone.php on line 12.
 1 SYSTEMPATH\CodeIgniter.php(933): App\Controllers\Phone->display()
 2 SYSTEMPATH\CodeIgniter.php(509): CodeIgniter\CodeIgniter->runController(Object(App\Controllers\Phone))
 3 SYSTEMPATH\CodeIgniter.php(355): CodeIgniter\CodeIgniter->handleRequest(null, Object(Config\Cache), false)
 4 SYSTEMPATH\Boot.php(325): CodeIgniter\CodeIgniter->run()
 5 SYSTEMPATH\Boot.php(67): CodeIgniter\Boot::runCodeIgniter(Object(CodeIgniter\CodeIgniter))
 6 FCPATH\index.php(56): CodeIgniter\Boot::bootWeb(Object(Config\Paths))
WARNING - 2025-01-16 14:23:30 --> [DEPRECATED] Calling static trait method App\Models\Phone\Model::conn is deprecated, it should only be called on a class using the trait in APPPATH\Models\Phone\Model.php on line 13.
 1 APPPATH\Controllers\Phone.php(12): App\Models\Phone\Model::display()
 2 SYSTEMPATH\CodeIgniter.php(933): App\Controllers\Phone->display()
 3 SYSTEMPATH\CodeIgniter.php(509): CodeIgniter\CodeIgniter->runController(Object(App\Controllers\Phone))
 4 SYSTEMPATH\CodeIgniter.php(355): CodeIgniter\CodeIgniter->handleRequest(null, Object(Config\Cache), false)
 5 SYSTEMPATH\Boot.php(325): CodeIgniter\CodeIgniter->run()
 6 SYSTEMPATH\Boot.php(67): CodeIgniter\Boot::runCodeIgniter(Object(CodeIgniter\CodeIgniter))
 7 FCPATH\index.php(56): CodeIgniter\Boot::bootWeb(Object(Config\Paths))
WARNING - 2025-01-16 14:23:30 --> [DEPRECATED] Calling static trait method App\Models\Phone\Response::display is deprecated, it should only be called on a class using the trait in APPPATH\Controllers\Phone.php on line 13.
 1 SYSTEMPATH\CodeIgniter.php(933): App\Controllers\Phone->display()
 2 SYSTEMPATH\CodeIgniter.php(509): CodeIgniter\CodeIgniter->runController(Object(App\Controllers\Phone))
 3 SYSTEMPATH\CodeIgniter.php(355): CodeIgniter\CodeIgniter->handleRequest(null, Object(Config\Cache), false)
 4 SYSTEMPATH\Boot.php(325): CodeIgniter\CodeIgniter->run()
 5 SYSTEMPATH\Boot.php(67): CodeIgniter\Boot::runCodeIgniter(Object(CodeIgniter\CodeIgniter))
 6 FCPATH\index.php(56): CodeIgniter\Boot::bootWeb(Object(Config\Paths))
WARNING - 2025-01-16 15:09:52 --> [DEPRECATED] Calling static trait method App\Models\Phone\Model::display is deprecated, it should only be called on a class using the trait in APPPATH\Controllers\Phone.php on line 12.
 1 SYSTEMPATH\CodeIgniter.php(933): App\Controllers\Phone->display()
 2 SYSTEMPATH\CodeIgniter.php(509): CodeIgniter\CodeIgniter->runController(Object(App\Controllers\Phone))
 3 SYSTEMPATH\CodeIgniter.php(355): CodeIgniter\CodeIgniter->handleRequest(null, Object(Config\Cache), false)
 4 SYSTEMPATH\Boot.php(325): CodeIgniter\CodeIgniter->run()
 5 SYSTEMPATH\Boot.php(67): CodeIgniter\Boot::runCodeIgniter(Object(CodeIgniter\CodeIgniter))
 6 FCPATH\index.php(56): CodeIgniter\Boot::bootWeb(Object(Config\Paths))
WARNING - 2025-01-16 15:09:52 --> [DEPRECATED] Calling static trait method App\Models\Phone\Model::conn is deprecated, it should only be called on a class using the trait in APPPATH\Models\Phone\Model.php on line 13.
 1 APPPATH\Controllers\Phone.php(12): App\Models\Phone\Model::display()
 2 SYSTEMPATH\CodeIgniter.php(933): App\Controllers\Phone->display()
 3 SYSTEMPATH\CodeIgniter.php(509): CodeIgniter\CodeIgniter->runController(Object(App\Controllers\Phone))
 4 SYSTEMPATH\CodeIgniter.php(355): CodeIgniter\CodeIgniter->handleRequest(null, Object(Config\Cache), false)
 5 SYSTEMPATH\Boot.php(325): CodeIgniter\CodeIgniter->run()
 6 SYSTEMPATH\Boot.php(67): CodeIgniter\Boot::runCodeIgniter(Object(CodeIgniter\CodeIgniter))
 7 FCPATH\index.php(56): CodeIgniter\Boot::bootWeb(Object(Config\Paths))
WARNING - 2025-01-16 15:09:52 --> [DEPRECATED] Calling static trait method App\Models\Phone\Response::display is deprecated, it should only be called on a class using the trait in APPPATH\Controllers\Phone.php on line 13.
 1 SYSTEMPATH\CodeIgniter.php(933): App\Controllers\Phone->display()
 2 SYSTEMPATH\CodeIgniter.php(509): CodeIgniter\CodeIgniter->runController(Object(App\Controllers\Phone))
 3 SYSTEMPATH\CodeIgniter.php(355): CodeIgniter\CodeIgniter->handleRequest(null, Object(Config\Cache), false)
 4 SYSTEMPATH\Boot.php(325): CodeIgniter\CodeIgniter->run()
 5 SYSTEMPATH\Boot.php(67): CodeIgniter\Boot::runCodeIgniter(Object(CodeIgniter\CodeIgniter))
 6 FCPATH\index.php(56): CodeIgniter\Boot::bootWeb(Object(Config\Paths))
WARNING - 2025-01-16 15:11:50 --> [DEPRECATED] Calling static trait method App\Models\Phone\Model::display is deprecated, it should only be called on a class using the trait in APPPATH\Controllers\Phone.php on line 12.
 1 SYSTEMPATH\CodeIgniter.php(933): App\Controllers\Phone->display()
 2 SYSTEMPATH\CodeIgniter.php(509): CodeIgniter\CodeIgniter->runController(Object(App\Controllers\Phone))
 3 SYSTEMPATH\CodeIgniter.php(355): CodeIgniter\CodeIgniter->handleRequest(null, Object(Config\Cache), false)
 4 SYSTEMPATH\Boot.php(325): CodeIgniter\CodeIgniter->run()
 5 SYSTEMPATH\Boot.php(67): CodeIgniter\Boot::runCodeIgniter(Object(CodeIgniter\CodeIgniter))
 6 FCPATH\index.php(56): CodeIgniter\Boot::bootWeb(Object(Config\Paths))
WARNING - 2025-01-16 15:11:50 --> [DEPRECATED] Calling static trait method App\Models\Phone\Model::conn is deprecated, it should only be called on a class using the trait in APPPATH\Models\Phone\Model.php on line 13.
 1 APPPATH\Controllers\Phone.php(12): App\Models\Phone\Model::display()
 2 SYSTEMPATH\CodeIgniter.php(933): App\Controllers\Phone->display()
 3 SYSTEMPATH\CodeIgniter.php(509): CodeIgniter\CodeIgniter->runController(Object(App\Controllers\Phone))
 4 SYSTEMPATH\CodeIgniter.php(355): CodeIgniter\CodeIgniter->handleRequest(null, Object(Config\Cache), false)
 5 SYSTEMPATH\Boot.php(325): CodeIgniter\CodeIgniter->run()
 6 SYSTEMPATH\Boot.php(67): CodeIgniter\Boot::runCodeIgniter(Object(CodeIgniter\CodeIgniter))
 7 FCPATH\index.php(56): CodeIgniter\Boot::bootWeb(Object(Config\Paths))
WARNING - 2025-01-16 15:11:50 --> [DEPRECATED] Calling static trait method App\Models\Phone\Response::display is deprecated, it should only be called on a class using the trait in APPPATH\Controllers\Phone.php on line 13.
 1 SYSTEMPATH\CodeIgniter.php(933): App\Controllers\Phone->display()
 2 SYSTEMPATH\CodeIgniter.php(509): CodeIgniter\CodeIgniter->runController(Object(App\Controllers\Phone))
 3 SYSTEMPATH\CodeIgniter.php(355): CodeIgniter\CodeIgniter->handleRequest(null, Object(Config\Cache), false)
 4 SYSTEMPATH\Boot.php(325): CodeIgniter\CodeIgniter->run()
 5 SYSTEMPATH\Boot.php(67): CodeIgniter\Boot::runCodeIgniter(Object(CodeIgniter\CodeIgniter))
 6 FCPATH\index.php(56): CodeIgniter\Boot::bootWeb(Object(Config\Paths))
WARNING - 2025-01-16 15:28:49 --> [DEPRECATED] Calling static trait method App\Models\Phone\Model::display is deprecated, it should only be called on a class using the trait in APPPATH\Controllers\Phone.php on line 12.
 1 SYSTEMPATH\CodeIgniter.php(933): App\Controllers\Phone->display()
 2 SYSTEMPATH\CodeIgniter.php(509): CodeIgniter\CodeIgniter->runController(Object(App\Controllers\Phone))
 3 SYSTEMPATH\CodeIgniter.php(355): CodeIgniter\CodeIgniter->handleRequest(null, Object(Config\Cache), false)
 4 SYSTEMPATH\Boot.php(325): CodeIgniter\CodeIgniter->run()
 5 SYSTEMPATH\Boot.php(67): CodeIgniter\Boot::runCodeIgniter(Object(CodeIgniter\CodeIgniter))
 6 FCPATH\index.php(56): CodeIgniter\Boot::bootWeb(Object(Config\Paths))
WARNING - 2025-01-16 15:28:49 --> [DEPRECATED] Calling static trait method App\Models\Phone\Model::conn is deprecated, it should only be called on a class using the trait in APPPATH\Models\Phone\Model.php on line 13.
 1 APPPATH\Controllers\Phone.php(12): App\Models\Phone\Model::display()
 2 SYSTEMPATH\CodeIgniter.php(933): App\Controllers\Phone->display()
 3 SYSTEMPATH\CodeIgniter.php(509): CodeIgniter\CodeIgniter->runController(Object(App\Controllers\Phone))
 4 SYSTEMPATH\CodeIgniter.php(355): CodeIgniter\CodeIgniter->handleRequest(null, Object(Config\Cache), false)
 5 SYSTEMPATH\Boot.php(325): CodeIgniter\CodeIgniter->run()
 6 SYSTEMPATH\Boot.php(67): CodeIgniter\Boot::runCodeIgniter(Object(CodeIgniter\CodeIgniter))
 7 FCPATH\index.php(56): CodeIgniter\Boot::bootWeb(Object(Config\Paths))
WARNING - 2025-01-16 15:28:49 --> [DEPRECATED] Calling static trait method App\Models\Phone\Response::display is deprecated, it should only be called on a class using the trait in APPPATH\Controllers\Phone.php on line 13.
 1 SYSTEMPATH\CodeIgniter.php(933): App\Controllers\Phone->display()
 2 SYSTEMPATH\CodeIgniter.php(509): CodeIgniter\CodeIgniter->runController(Object(App\Controllers\Phone))
 3 SYSTEMPATH\CodeIgniter.php(355): CodeIgniter\CodeIgniter->handleRequest(null, Object(Config\Cache), false)
 4 SYSTEMPATH\Boot.php(325): CodeIgniter\CodeIgniter->run()
 5 SYSTEMPATH\Boot.php(67): CodeIgniter\Boot::runCodeIgniter(Object(CodeIgniter\CodeIgniter))
 6 FCPATH\index.php(56): CodeIgniter\Boot::bootWeb(Object(Config\Paths))
WARNING - 2025-01-16 15:37:07 --> [DEPRECATED] Calling static trait method App\Models\Phone\Model::display is deprecated, it should only be called on a class using the trait in APPPATH\Controllers\Phone.php on line 12.
 1 SYSTEMPATH\CodeIgniter.php(933): App\Controllers\Phone->display()
 2 SYSTEMPATH\CodeIgniter.php(509): CodeIgniter\CodeIgniter->runController(Object(App\Controllers\Phone))
 3 SYSTEMPATH\CodeIgniter.php(355): CodeIgniter\CodeIgniter->handleRequest(null, Object(Config\Cache), false)
 4 SYSTEMPATH\Boot.php(325): CodeIgniter\CodeIgniter->run()
 5 SYSTEMPATH\Boot.php(67): CodeIgniter\Boot::runCodeIgniter(Object(CodeIgniter\CodeIgniter))
 6 FCPATH\index.php(56): CodeIgniter\Boot::bootWeb(Object(Config\Paths))
WARNING - 2025-01-16 15:37:07 --> [DEPRECATED] Calling static trait method App\Models\Phone\Model::conn is deprecated, it should only be called on a class using the trait in APPPATH\Models\Phone\Model.php on line 13.
 1 APPPATH\Controllers\Phone.php(12): App\Models\Phone\Model::display()
 2 SYSTEMPATH\CodeIgniter.php(933): App\Controllers\Phone->display()
 3 SYSTEMPATH\CodeIgniter.php(509): CodeIgniter\CodeIgniter->runController(Object(App\Controllers\Phone))
 4 SYSTEMPATH\CodeIgniter.php(355): CodeIgniter\CodeIgniter->handleRequest(null, Object(Config\Cache), false)
 5 SYSTEMPATH\Boot.php(325): CodeIgniter\CodeIgniter->run()
 6 SYSTEMPATH\Boot.php(67): CodeIgniter\Boot::runCodeIgniter(Object(CodeIgniter\CodeIgniter))
 7 FCPATH\index.php(56): CodeIgniter\Boot::bootWeb(Object(Config\Paths))
WARNING - 2025-01-16 15:37:07 --> [DEPRECATED] Calling static trait method App\Models\Phone\Response::display is deprecated, it should only be called on a class using the trait in APPPATH\Controllers\Phone.php on line 13.
 1 SYSTEMPATH\CodeIgniter.php(933): App\Controllers\Phone->display()
 2 SYSTEMPATH\CodeIgniter.php(509): CodeIgniter\CodeIgniter->runController(Object(App\Controllers\Phone))
 3 SYSTEMPATH\CodeIgniter.php(355): CodeIgniter\CodeIgniter->handleRequest(null, Object(Config\Cache), false)
 4 SYSTEMPATH\Boot.php(325): CodeIgniter\CodeIgniter->run()
 5 SYSTEMPATH\Boot.php(67): CodeIgniter\Boot::runCodeIgniter(Object(CodeIgniter\CodeIgniter))
 6 FCPATH\index.php(56): CodeIgniter\Boot::bootWeb(Object(Config\Paths))
CRITICAL - 2025-01-16 15:37:07 --> CodeIgniter\View\Exceptions\ViewException: Invalid file: "endpoint/view.php"
[Method: GET, Route: phone]
in SYSTEMPATH\Exceptions\FrameworkException.php on line 41.
 1 SYSTEMPATH\View\View.php(222): CodeIgniter\Exceptions\FrameworkException::forInvalidFile('endpoint/view.php')
 2 SYSTEMPATH\Common.php(1171): CodeIgniter\View\View->render('endpoint/view', [], true)
 3 APPPATH\Controllers\Phone.php(14): view('endpoint/view', [...])
 4 SYSTEMPATH\CodeIgniter.php(933): App\Controllers\Phone->display()
 5 SYSTEMPATH\CodeIgniter.php(509): CodeIgniter\CodeIgniter->runController(Object(App\Controllers\Phone))
 6 SYSTEMPATH\CodeIgniter.php(355): CodeIgniter\CodeIgniter->handleRequest(null, Object(Config\Cache), false)
 7 SYSTEMPATH\Boot.php(325): CodeIgniter\CodeIgniter->run()
 8 SYSTEMPATH\Boot.php(67): CodeIgniter\Boot::runCodeIgniter(Object(CodeIgniter\CodeIgniter))
 9 FCPATH\index.php(56): CodeIgniter\Boot::bootWeb(Object(Config\Paths))
WARNING - 2025-01-16 15:38:02 --> [DEPRECATED] Calling static trait method App\Models\Phone\Model::display is deprecated, it should only be called on a class using the trait in APPPATH\Controllers\Phone.php on line 12.
 1 SYSTEMPATH\CodeIgniter.php(933): App\Controllers\Phone->display()
 2 SYSTEMPATH\CodeIgniter.php(509): CodeIgniter\CodeIgniter->runController(Object(App\Controllers\Phone))
 3 SYSTEMPATH\CodeIgniter.php(355): CodeIgniter\CodeIgniter->handleRequest(null, Object(Config\Cache), false)
 4 SYSTEMPATH\Boot.php(325): CodeIgniter\CodeIgniter->run()
 5 SYSTEMPATH\Boot.php(67): CodeIgniter\Boot::runCodeIgniter(Object(CodeIgniter\CodeIgniter))
 6 FCPATH\index.php(56): CodeIgniter\Boot::bootWeb(Object(Config\Paths))
WARNING - 2025-01-16 15:38:02 --> [DEPRECATED] Calling static trait method App\Models\Phone\Model::conn is deprecated, it should only be called on a class using the trait in APPPATH\Models\Phone\Model.php on line 13.
 1 APPPATH\Controllers\Phone.php(12): App\Models\Phone\Model::display()
 2 SYSTEMPATH\CodeIgniter.php(933): App\Controllers\Phone->display()
 3 SYSTEMPATH\CodeIgniter.php(509): CodeIgniter\CodeIgniter->runController(Object(App\Controllers\Phone))
 4 SYSTEMPATH\CodeIgniter.php(355): CodeIgniter\CodeIgniter->handleRequest(null, Object(Config\Cache), false)
 5 SYSTEMPATH\Boot.php(325): CodeIgniter\CodeIgniter->run()
 6 SYSTEMPATH\Boot.php(67): CodeIgniter\Boot::runCodeIgniter(Object(CodeIgniter\CodeIgniter))
 7 FCPATH\index.php(56): CodeIgniter\Boot::bootWeb(Object(Config\Paths))
WARNING - 2025-01-16 15:38:02 --> [DEPRECATED] Calling static trait method App\Models\Phone\Response::display is deprecated, it should only be called on a class using the trait in APPPATH\Controllers\Phone.php on line 13.
 1 SYSTEMPATH\CodeIgniter.php(933): App\Controllers\Phone->display()
 2 SYSTEMPATH\CodeIgniter.php(509): CodeIgniter\CodeIgniter->runController(Object(App\Controllers\Phone))
 3 SYSTEMPATH\CodeIgniter.php(355): CodeIgniter\CodeIgniter->handleRequest(null, Object(Config\Cache), false)
 4 SYSTEMPATH\Boot.php(325): CodeIgniter\CodeIgniter->run()
 5 SYSTEMPATH\Boot.php(67): CodeIgniter\Boot::runCodeIgniter(Object(CodeIgniter\CodeIgniter))
 6 FCPATH\index.php(56): CodeIgniter\Boot::bootWeb(Object(Config\Paths))
CRITICAL - 2025-01-16 15:38:02 --> CodeIgniter\View\Exceptions\ViewException: Invalid file: "endpoint/view.php"
[Method: GET, Route: phone]
in SYSTEMPATH\Exceptions\FrameworkException.php on line 41.
 1 SYSTEMPATH\View\View.php(222): CodeIgniter\Exceptions\FrameworkException::forInvalidFile('endpoint/view.php')
 2 SYSTEMPATH\Common.php(1171): CodeIgniter\View\View->render('endpoint/view', [], true)
 3 APPPATH\Controllers\Phone.php(14): view('endpoint/view', [...])
 4 SYSTEMPATH\CodeIgniter.php(933): App\Controllers\Phone->display()
 5 SYSTEMPATH\CodeIgniter.php(509): CodeIgniter\CodeIgniter->runController(Object(App\Controllers\Phone))
 6 SYSTEMPATH\CodeIgniter.php(355): CodeIgniter\CodeIgniter->handleRequest(null, Object(Config\Cache), false)
 7 SYSTEMPATH\Boot.php(325): CodeIgniter\CodeIgniter->run()
 8 SYSTEMPATH\Boot.php(67): CodeIgniter\Boot::runCodeIgniter(Object(CodeIgniter\CodeIgniter))
 9 FCPATH\index.php(56): CodeIgniter\Boot::bootWeb(Object(Config\Paths))
WARNING - 2025-01-16 15:38:12 --> [DEPRECATED] Calling static trait method App\Models\Phone\Model::display is deprecated, it should only be called on a class using the trait in APPPATH\Controllers\Phone.php on line 12.
 1 SYSTEMPATH\CodeIgniter.php(933): App\Controllers\Phone->display()
 2 SYSTEMPATH\CodeIgniter.php(509): CodeIgniter\CodeIgniter->runController(Object(App\Controllers\Phone))
 3 SYSTEMPATH\CodeIgniter.php(355): CodeIgniter\CodeIgniter->handleRequest(null, Object(Config\Cache), false)
 4 SYSTEMPATH\Boot.php(325): CodeIgniter\CodeIgniter->run()
 5 SYSTEMPATH\Boot.php(67): CodeIgniter\Boot::runCodeIgniter(Object(CodeIgniter\CodeIgniter))
 6 FCPATH\index.php(56): CodeIgniter\Boot::bootWeb(Object(Config\Paths))
WARNING - 2025-01-16 15:38:12 --> [DEPRECATED] Calling static trait method App\Models\Phone\Model::conn is deprecated, it should only be called on a class using the trait in APPPATH\Models\Phone\Model.php on line 13.
 1 APPPATH\Controllers\Phone.php(12): App\Models\Phone\Model::display()
 2 SYSTEMPATH\CodeIgniter.php(933): App\Controllers\Phone->display()
 3 SYSTEMPATH\CodeIgniter.php(509): CodeIgniter\CodeIgniter->runController(Object(App\Controllers\Phone))
 4 SYSTEMPATH\CodeIgniter.php(355): CodeIgniter\CodeIgniter->handleRequest(null, Object(Config\Cache), false)
 5 SYSTEMPATH\Boot.php(325): CodeIgniter\CodeIgniter->run()
 6 SYSTEMPATH\Boot.php(67): CodeIgniter\Boot::runCodeIgniter(Object(CodeIgniter\CodeIgniter))
 7 FCPATH\index.php(56): CodeIgniter\Boot::bootWeb(Object(Config\Paths))
WARNING - 2025-01-16 15:38:12 --> [DEPRECATED] Calling static trait method App\Models\Phone\Response::display is deprecated, it should only be called on a class using the trait in APPPATH\Controllers\Phone.php on line 13.
 1 SYSTEMPATH\CodeIgniter.php(933): App\Controllers\Phone->display()
 2 SYSTEMPATH\CodeIgniter.php(509): CodeIgniter\CodeIgniter->runController(Object(App\Controllers\Phone))
 3 SYSTEMPATH\CodeIgniter.php(355): CodeIgniter\CodeIgniter->handleRequest(null, Object(Config\Cache), false)
 4 SYSTEMPATH\Boot.php(325): CodeIgniter\CodeIgniter->run()
 5 SYSTEMPATH\Boot.php(67): CodeIgniter\Boot::runCodeIgniter(Object(CodeIgniter\CodeIgniter))
 6 FCPATH\index.php(56): CodeIgniter\Boot::bootWeb(Object(Config\Paths))
CRITICAL - 2025-01-16 15:38:12 --> CodeIgniter\View\Exceptions\ViewException: Invalid file: "endpoint/view.php"
[Method: GET, Route: phone]
in SYSTEMPATH\Exceptions\FrameworkException.php on line 41.
 1 SYSTEMPATH\View\View.php(222): CodeIgniter\Exceptions\FrameworkException::forInvalidFile('endpoint/view.php')
 2 SYSTEMPATH\Common.php(1171): CodeIgniter\View\View->render('endpoint/view', [], true)
 3 APPPATH\Controllers\Phone.php(14): view('endpoint/view', [...])
 4 SYSTEMPATH\CodeIgniter.php(933): App\Controllers\Phone->display()
 5 SYSTEMPATH\CodeIgniter.php(509): CodeIgniter\CodeIgniter->runController(Object(App\Controllers\Phone))
 6 SYSTEMPATH\CodeIgniter.php(355): CodeIgniter\CodeIgniter->handleRequest(null, Object(Config\Cache), false)
 7 SYSTEMPATH\Boot.php(325): CodeIgniter\CodeIgniter->run()
 8 SYSTEMPATH\Boot.php(67): CodeIgniter\Boot::runCodeIgniter(Object(CodeIgniter\CodeIgniter))
 9 FCPATH\index.php(56): CodeIgniter\Boot::bootWeb(Object(Config\Paths))
WARNING - 2025-01-16 15:40:46 --> [DEPRECATED] Calling static trait method App\Models\Phone\Model::display is deprecated, it should only be called on a class using the trait in APPPATH\Controllers\Phone.php on line 12.
 1 SYSTEMPATH\CodeIgniter.php(933): App\Controllers\Phone->display()
 2 SYSTEMPATH\CodeIgniter.php(509): CodeIgniter\CodeIgniter->runController(Object(App\Controllers\Phone))
 3 SYSTEMPATH\CodeIgniter.php(355): CodeIgniter\CodeIgniter->handleRequest(null, Object(Config\Cache), false)
 4 SYSTEMPATH\Boot.php(325): CodeIgniter\CodeIgniter->run()
 5 SYSTEMPATH\Boot.php(67): CodeIgniter\Boot::runCodeIgniter(Object(CodeIgniter\CodeIgniter))
 6 FCPATH\index.php(56): CodeIgniter\Boot::bootWeb(Object(Config\Paths))
WARNING - 2025-01-16 15:40:46 --> [DEPRECATED] Calling static trait method App\Models\Phone\Model::conn is deprecated, it should only be called on a class using the trait in APPPATH\Models\Phone\Model.php on line 13.
 1 APPPATH\Controllers\Phone.php(12): App\Models\Phone\Model::display()
 2 SYSTEMPATH\CodeIgniter.php(933): App\Controllers\Phone->display()
 3 SYSTEMPATH\CodeIgniter.php(509): CodeIgniter\CodeIgniter->runController(Object(App\Controllers\Phone))
 4 SYSTEMPATH\CodeIgniter.php(355): CodeIgniter\CodeIgniter->handleRequest(null, Object(Config\Cache), false)
 5 SYSTEMPATH\Boot.php(325): CodeIgniter\CodeIgniter->run()
 6 SYSTEMPATH\Boot.php(67): CodeIgniter\Boot::runCodeIgniter(Object(CodeIgniter\CodeIgniter))
 7 FCPATH\index.php(56): CodeIgniter\Boot::bootWeb(Object(Config\Paths))
WARNING - 2025-01-16 15:40:46 --> [DEPRECATED] Calling static trait method App\Models\Phone\Response::display is deprecated, it should only be called on a class using the trait in APPPATH\Controllers\Phone.php on line 13.
 1 SYSTEMPATH\CodeIgniter.php(933): App\Controllers\Phone->display()
 2 SYSTEMPATH\CodeIgniter.php(509): CodeIgniter\CodeIgniter->runController(Object(App\Controllers\Phone))
 3 SYSTEMPATH\CodeIgniter.php(355): CodeIgniter\CodeIgniter->handleRequest(null, Object(Config\Cache), false)
 4 SYSTEMPATH\Boot.php(325): CodeIgniter\CodeIgniter->run()
 5 SYSTEMPATH\Boot.php(67): CodeIgniter\Boot::runCodeIgniter(Object(CodeIgniter\CodeIgniter))
 6 FCPATH\index.php(56): CodeIgniter\Boot::bootWeb(Object(Config\Paths))
CRITICAL - 2025-01-16 15:45:05 --> ErrorException: Undefined variable $data
[Method: GET, Route: collections]
in APPPATH\Views\page\phone.php on line 11.
 1 APPPATH\Views\page\phone.php(11): CodeIgniter\Debug\Exceptions->errorHandler(2, 'Undefined variable $data', 'D:\\Laragon\\laragon\\www\\Tan.pedia\\app\\Views\\page\\phone.php', 11)
 2 SYSTEMPATH\View\View.php(234): include('D:\\Laragon\\laragon\\www\\Tan.pedia\\app\\Views\\page\\phone.php')
 3 SYSTEMPATH\View\View.php(237): CodeIgniter\View\View->CodeIgniter\View\{closure}()
 4 SYSTEMPATH\Common.php(1171): CodeIgniter\View\View->render('page/phone', [], true)
 5 APPPATH\Controllers\Collections.php(8): view('page/phone')
 6 SYSTEMPATH\CodeIgniter.php(933): App\Controllers\Collections->index()
 7 SYSTEMPATH\CodeIgniter.php(509): CodeIgniter\CodeIgniter->runController(Object(App\Controllers\Collections))
 8 SYSTEMPATH\CodeIgniter.php(355): CodeIgniter\CodeIgniter->handleRequest(null, Object(Config\Cache), false)
 9 SYSTEMPATH\Boot.php(325): CodeIgniter\CodeIgniter->run()
10 SYSTEMPATH\Boot.php(67): CodeIgniter\Boot::runCodeIgniter(Object(CodeIgniter\CodeIgniter))
11 FCPATH\index.php(56): CodeIgniter\Boot::bootWeb(Object(Config\Paths))
WARNING - 2025-01-16 15:45:30 --> [DEPRECATED] Calling static trait method App\Models\Phone\Model::display is deprecated, it should only be called on a class using the trait in APPPATH\Controllers\Phone.php on line 12.
 1 SYSTEMPATH\CodeIgniter.php(933): App\Controllers\Phone->display()
 2 SYSTEMPATH\CodeIgniter.php(509): CodeIgniter\CodeIgniter->runController(Object(App\Controllers\Phone))
 3 SYSTEMPATH\CodeIgniter.php(355): CodeIgniter\CodeIgniter->handleRequest(null, Object(Config\Cache), false)
 4 SYSTEMPATH\Boot.php(325): CodeIgniter\CodeIgniter->run()
 5 SYSTEMPATH\Boot.php(67): CodeIgniter\Boot::runCodeIgniter(Object(CodeIgniter\CodeIgniter))
 6 FCPATH\index.php(56): CodeIgniter\Boot::bootWeb(Object(Config\Paths))
WARNING - 2025-01-16 15:45:30 --> [DEPRECATED] Calling static trait method App\Models\Phone\Model::conn is deprecated, it should only be called on a class using the trait in APPPATH\Models\Phone\Model.php on line 13.
 1 APPPATH\Controllers\Phone.php(12): App\Models\Phone\Model::display()
 2 SYSTEMPATH\CodeIgniter.php(933): App\Controllers\Phone->display()
 3 SYSTEMPATH\CodeIgniter.php(509): CodeIgniter\CodeIgniter->runController(Object(App\Controllers\Phone))
 4 SYSTEMPATH\CodeIgniter.php(355): CodeIgniter\CodeIgniter->handleRequest(null, Object(Config\Cache), false)
 5 SYSTEMPATH\Boot.php(325): CodeIgniter\CodeIgniter->run()
 6 SYSTEMPATH\Boot.php(67): CodeIgniter\Boot::runCodeIgniter(Object(CodeIgniter\CodeIgniter))
 7 FCPATH\index.php(56): CodeIgniter\Boot::bootWeb(Object(Config\Paths))
WARNING - 2025-01-16 15:45:30 --> [DEPRECATED] Calling static trait method App\Models\Phone\Response::display is deprecated, it should only be called on a class using the trait in APPPATH\Controllers\Phone.php on line 13.
 1 SYSTEMPATH\CodeIgniter.php(933): App\Controllers\Phone->display()
 2 SYSTEMPATH\CodeIgniter.php(509): CodeIgniter\CodeIgniter->runController(Object(App\Controllers\Phone))
 3 SYSTEMPATH\CodeIgniter.php(355): CodeIgniter\CodeIgniter->handleRequest(null, Object(Config\Cache), false)
 4 SYSTEMPATH\Boot.php(325): CodeIgniter\CodeIgniter->run()
 5 SYSTEMPATH\Boot.php(67): CodeIgniter\Boot::runCodeIgniter(Object(CodeIgniter\CodeIgniter))
 6 FCPATH\index.php(56): CodeIgniter\Boot::bootWeb(Object(Config\Paths))
WARNING - 2025-01-16 15:47:43 --> [DEPRECATED] Calling static trait method App\Models\Phone\Model::display is deprecated, it should only be called on a class using the trait in APPPATH\Controllers\Phone.php on line 12.
 1 SYSTEMPATH\CodeIgniter.php(933): App\Controllers\Phone->display()
 2 SYSTEMPATH\CodeIgniter.php(509): CodeIgniter\CodeIgniter->runController(Object(App\Controllers\Phone))
 3 SYSTEMPATH\CodeIgniter.php(355): CodeIgniter\CodeIgniter->handleRequest(null, Object(Config\Cache), false)
 4 SYSTEMPATH\Boot.php(325): CodeIgniter\CodeIgniter->run()
 5 SYSTEMPATH\Boot.php(67): CodeIgniter\Boot::runCodeIgniter(Object(CodeIgniter\CodeIgniter))
 6 FCPATH\index.php(56): CodeIgniter\Boot::bootWeb(Object(Config\Paths))
WARNING - 2025-01-16 15:47:43 --> [DEPRECATED] Calling static trait method App\Models\Phone\Model::conn is deprecated, it should only be called on a class using the trait in APPPATH\Models\Phone\Model.php on line 13.
 1 APPPATH\Controllers\Phone.php(12): App\Models\Phone\Model::display()
 2 SYSTEMPATH\CodeIgniter.php(933): App\Controllers\Phone->display()
 3 SYSTEMPATH\CodeIgniter.php(509): CodeIgniter\CodeIgniter->runController(Object(App\Controllers\Phone))
 4 SYSTEMPATH\CodeIgniter.php(355): CodeIgniter\CodeIgniter->handleRequest(null, Object(Config\Cache), false)
 5 SYSTEMPATH\Boot.php(325): CodeIgniter\CodeIgniter->run()
 6 SYSTEMPATH\Boot.php(67): CodeIgniter\Boot::runCodeIgniter(Object(CodeIgniter\CodeIgniter))
 7 FCPATH\index.php(56): CodeIgniter\Boot::bootWeb(Object(Config\Paths))
WARNING - 2025-01-16 15:47:43 --> [DEPRECATED] Calling static trait method App\Models\Phone\Response::display is deprecated, it should only be called on a class using the trait in APPPATH\Controllers\Phone.php on line 13.
 1 SYSTEMPATH\CodeIgniter.php(933): App\Controllers\Phone->display()
 2 SYSTEMPATH\CodeIgniter.php(509): CodeIgniter\CodeIgniter->runController(Object(App\Controllers\Phone))
 3 SYSTEMPATH\CodeIgniter.php(355): CodeIgniter\CodeIgniter->handleRequest(null, Object(Config\Cache), false)
 4 SYSTEMPATH\Boot.php(325): CodeIgniter\CodeIgniter->run()
 5 SYSTEMPATH\Boot.php(67): CodeIgniter\Boot::runCodeIgniter(Object(CodeIgniter\CodeIgniter))
 6 FCPATH\index.php(56): CodeIgniter\Boot::bootWeb(Object(Config\Paths))
WARNING - 2025-01-16 15:57:34 --> [DEPRECATED] Calling static trait method App\Models\Phone\Model::display is deprecated, it should only be called on a class using the trait in APPPATH\Controllers\Phone.php on line 12.
 1 SYSTEMPATH\CodeIgniter.php(933): App\Controllers\Phone->display()
 2 SYSTEMPATH\CodeIgniter.php(509): CodeIgniter\CodeIgniter->runController(Object(App\Controllers\Phone))
 3 SYSTEMPATH\CodeIgniter.php(355): CodeIgniter\CodeIgniter->handleRequest(null, Object(Config\Cache), false)
 4 SYSTEMPATH\Boot.php(325): CodeIgniter\CodeIgniter->run()
 5 SYSTEMPATH\Boot.php(67): CodeIgniter\Boot::runCodeIgniter(Object(CodeIgniter\CodeIgniter))
 6 FCPATH\index.php(56): CodeIgniter\Boot::bootWeb(Object(Config\Paths))
WARNING - 2025-01-16 15:57:34 --> [DEPRECATED] Calling static trait method App\Models\Phone\Model::conn is deprecated, it should only be called on a class using the trait in APPPATH\Models\Phone\Model.php on line 13.
 1 APPPATH\Controllers\Phone.php(12): App\Models\Phone\Model::display()
 2 SYSTEMPATH\CodeIgniter.php(933): App\Controllers\Phone->display()
 3 SYSTEMPATH\CodeIgniter.php(509): CodeIgniter\CodeIgniter->runController(Object(App\Controllers\Phone))
 4 SYSTEMPATH\CodeIgniter.php(355): CodeIgniter\CodeIgniter->handleRequest(null, Object(Config\Cache), false)
 5 SYSTEMPATH\Boot.php(325): CodeIgniter\CodeIgniter->run()
 6 SYSTEMPATH\Boot.php(67): CodeIgniter\Boot::runCodeIgniter(Object(CodeIgniter\CodeIgniter))
 7 FCPATH\index.php(56): CodeIgniter\Boot::bootWeb(Object(Config\Paths))
WARNING - 2025-01-16 15:57:34 --> [DEPRECATED] Calling static trait method App\Models\Phone\Response::display is deprecated, it should only be called on a class using the trait in APPPATH\Controllers\Phone.php on line 13.
 1 SYSTEMPATH\CodeIgniter.php(933): App\Controllers\Phone->display()
 2 SYSTEMPATH\CodeIgniter.php(509): CodeIgniter\CodeIgniter->runController(Object(App\Controllers\Phone))
 3 SYSTEMPATH\CodeIgniter.php(355): CodeIgniter\CodeIgniter->handleRequest(null, Object(Config\Cache), false)
 4 SYSTEMPATH\Boot.php(325): CodeIgniter\CodeIgniter->run()
 5 SYSTEMPATH\Boot.php(67): CodeIgniter\Boot::runCodeIgniter(Object(CodeIgniter\CodeIgniter))
 6 FCPATH\index.php(56): CodeIgniter\Boot::bootWeb(Object(Config\Paths))
WARNING - 2025-01-16 16:13:16 --> [DEPRECATED] Calling static trait method App\Models\Phone\Model::display is deprecated, it should only be called on a class using the trait in APPPATH\Controllers\Phone.php on line 12.
 1 SYSTEMPATH\CodeIgniter.php(933): App\Controllers\Phone->display()
 2 SYSTEMPATH\CodeIgniter.php(509): CodeIgniter\CodeIgniter->runController(Object(App\Controllers\Phone))
 3 SYSTEMPATH\CodeIgniter.php(355): CodeIgniter\CodeIgniter->handleRequest(null, Object(Config\Cache), false)
 4 SYSTEMPATH\Boot.php(325): CodeIgniter\CodeIgniter->run()
 5 SYSTEMPATH\Boot.php(67): CodeIgniter\Boot::runCodeIgniter(Object(CodeIgniter\CodeIgniter))
 6 FCPATH\index.php(56): CodeIgniter\Boot::bootWeb(Object(Config\Paths))
WARNING - 2025-01-16 16:13:16 --> [DEPRECATED] Calling static trait method App\Models\Phone\Model::conn is deprecated, it should only be called on a class using the trait in APPPATH\Models\Phone\Model.php on line 13.
 1 APPPATH\Controllers\Phone.php(12): App\Models\Phone\Model::display()
 2 SYSTEMPATH\CodeIgniter.php(933): App\Controllers\Phone->display()
 3 SYSTEMPATH\CodeIgniter.php(509): CodeIgniter\CodeIgniter->runController(Object(App\Controllers\Phone))
 4 SYSTEMPATH\CodeIgniter.php(355): CodeIgniter\CodeIgniter->handleRequest(null, Object(Config\Cache), false)
 5 SYSTEMPATH\Boot.php(325): CodeIgniter\CodeIgniter->run()
 6 SYSTEMPATH\Boot.php(67): CodeIgniter\Boot::runCodeIgniter(Object(CodeIgniter\CodeIgniter))
 7 FCPATH\index.php(56): CodeIgniter\Boot::bootWeb(Object(Config\Paths))
WARNING - 2025-01-16 16:13:16 --> [DEPRECATED] Calling static trait method App\Models\Phone\Response::display is deprecated, it should only be called on a class using the trait in APPPATH\Controllers\Phone.php on line 13.
 1 SYSTEMPATH\CodeIgniter.php(933): App\Controllers\Phone->display()
 2 SYSTEMPATH\CodeIgniter.php(509): CodeIgniter\CodeIgniter->runController(Object(App\Controllers\Phone))
 3 SYSTEMPATH\CodeIgniter.php(355): CodeIgniter\CodeIgniter->handleRequest(null, Object(Config\Cache), false)
 4 SYSTEMPATH\Boot.php(325): CodeIgniter\CodeIgniter->run()
 5 SYSTEMPATH\Boot.php(67): CodeIgniter\Boot::runCodeIgniter(Object(CodeIgniter\CodeIgniter))
 6 FCPATH\index.php(56): CodeIgniter\Boot::bootWeb(Object(Config\Paths))
WARNING - 2025-01-16 16:31:21 --> [DEPRECATED] Calling static trait method App\Models\Phone\Model::display is deprecated, it should only be called on a class using the trait in APPPATH\Controllers\Phone.php on line 12.
 1 SYSTEMPATH\CodeIgniter.php(933): App\Controllers\Phone->display()
 2 SYSTEMPATH\CodeIgniter.php(509): CodeIgniter\CodeIgniter->runController(Object(App\Controllers\Phone))
 3 SYSTEMPATH\CodeIgniter.php(355): CodeIgniter\CodeIgniter->handleRequest(null, Object(Config\Cache), false)
 4 SYSTEMPATH\Boot.php(325): CodeIgniter\CodeIgniter->run()
 5 SYSTEMPATH\Boot.php(67): CodeIgniter\Boot::runCodeIgniter(Object(CodeIgniter\CodeIgniter))
 6 FCPATH\index.php(56): CodeIgniter\Boot::bootWeb(Object(Config\Paths))
WARNING - 2025-01-16 16:31:21 --> [DEPRECATED] Calling static trait method App\Models\Phone\Model::conn is deprecated, it should only be called on a class using the trait in APPPATH\Models\Phone\Model.php on line 13.
 1 APPPATH\Controllers\Phone.php(12): App\Models\Phone\Model::display()
 2 SYSTEMPATH\CodeIgniter.php(933): App\Controllers\Phone->display()
 3 SYSTEMPATH\CodeIgniter.php(509): CodeIgniter\CodeIgniter->runController(Object(App\Controllers\Phone))
 4 SYSTEMPATH\CodeIgniter.php(355): CodeIgniter\CodeIgniter->handleRequest(null, Object(Config\Cache), false)
 5 SYSTEMPATH\Boot.php(325): CodeIgniter\CodeIgniter->run()
 6 SYSTEMPATH\Boot.php(67): CodeIgniter\Boot::runCodeIgniter(Object(CodeIgniter\CodeIgniter))
 7 FCPATH\index.php(56): CodeIgniter\Boot::bootWeb(Object(Config\Paths))
WARNING - 2025-01-16 16:31:21 --> [DEPRECATED] Calling static trait method App\Models\Phone\Response::display is deprecated, it should only be called on a class using the trait in APPPATH\Controllers\Phone.php on line 13.
 1 SYSTEMPATH\CodeIgniter.php(933): App\Controllers\Phone->display()
 2 SYSTEMPATH\CodeIgniter.php(509): CodeIgniter\CodeIgniter->runController(Object(App\Controllers\Phone))
 3 SYSTEMPATH\CodeIgniter.php(355): CodeIgniter\CodeIgniter->handleRequest(null, Object(Config\Cache), false)
 4 SYSTEMPATH\Boot.php(325): CodeIgniter\CodeIgniter->run()
 5 SYSTEMPATH\Boot.php(67): CodeIgniter\Boot::runCodeIgniter(Object(CodeIgniter\CodeIgniter))
 6 FCPATH\index.php(56): CodeIgniter\Boot::bootWeb(Object(Config\Paths))
WARNING - 2025-01-16 16:33:09 --> [DEPRECATED] Calling static trait method App\Models\Phone\Model::display is deprecated, it should only be called on a class using the trait in APPPATH\Controllers\Phone.php on line 12.
 1 SYSTEMPATH\CodeIgniter.php(933): App\Controllers\Phone->display()
 2 SYSTEMPATH\CodeIgniter.php(509): CodeIgniter\CodeIgniter->runController(Object(App\Controllers\Phone))
 3 SYSTEMPATH\CodeIgniter.php(355): CodeIgniter\CodeIgniter->handleRequest(null, Object(Config\Cache), false)
 4 SYSTEMPATH\Boot.php(325): CodeIgniter\CodeIgniter->run()
 5 SYSTEMPATH\Boot.php(67): CodeIgniter\Boot::runCodeIgniter(Object(CodeIgniter\CodeIgniter))
 6 FCPATH\index.php(56): CodeIgniter\Boot::bootWeb(Object(Config\Paths))
WARNING - 2025-01-16 16:33:09 --> [DEPRECATED] Calling static trait method App\Models\Phone\Model::conn is deprecated, it should only be called on a class using the trait in APPPATH\Models\Phone\Model.php on line 13.
 1 APPPATH\Controllers\Phone.php(12): App\Models\Phone\Model::display()
 2 SYSTEMPATH\CodeIgniter.php(933): App\Controllers\Phone->display()
 3 SYSTEMPATH\CodeIgniter.php(509): CodeIgniter\CodeIgniter->runController(Object(App\Controllers\Phone))
 4 SYSTEMPATH\CodeIgniter.php(355): CodeIgniter\CodeIgniter->handleRequest(null, Object(Config\Cache), false)
 5 SYSTEMPATH\Boot.php(325): CodeIgniter\CodeIgniter->run()
 6 SYSTEMPATH\Boot.php(67): CodeIgniter\Boot::runCodeIgniter(Object(CodeIgniter\CodeIgniter))
 7 FCPATH\index.php(56): CodeIgniter\Boot::bootWeb(Object(Config\Paths))
WARNING - 2025-01-16 16:33:09 --> [DEPRECATED] Calling static trait method App\Models\Phone\Response::display is deprecated, it should only be called on a class using the trait in APPPATH\Controllers\Phone.php on line 13.
 1 SYSTEMPATH\CodeIgniter.php(933): App\Controllers\Phone->display()
 2 SYSTEMPATH\CodeIgniter.php(509): CodeIgniter\CodeIgniter->runController(Object(App\Controllers\Phone))
 3 SYSTEMPATH\CodeIgniter.php(355): CodeIgniter\CodeIgniter->handleRequest(null, Object(Config\Cache), false)
 4 SYSTEMPATH\Boot.php(325): CodeIgniter\CodeIgniter->run()
 5 SYSTEMPATH\Boot.php(67): CodeIgniter\Boot::runCodeIgniter(Object(CodeIgniter\CodeIgniter))
 6 FCPATH\index.php(56): CodeIgniter\Boot::bootWeb(Object(Config\Paths))
WARNING - 2025-01-16 16:36:02 --> [DEPRECATED] Calling static trait method App\Models\Phone\Model::display is deprecated, it should only be called on a class using the trait in APPPATH\Controllers\Phone.php on line 12.
 1 SYSTEMPATH\CodeIgniter.php(933): App\Controllers\Phone->display()
 2 SYSTEMPATH\CodeIgniter.php(509): CodeIgniter\CodeIgniter->runController(Object(App\Controllers\Phone))
 3 SYSTEMPATH\CodeIgniter.php(355): CodeIgniter\CodeIgniter->handleRequest(null, Object(Config\Cache), false)
 4 SYSTEMPATH\Boot.php(325): CodeIgniter\CodeIgniter->run()
 5 SYSTEMPATH\Boot.php(67): CodeIgniter\Boot::runCodeIgniter(Object(CodeIgniter\CodeIgniter))
 6 FCPATH\index.php(56): CodeIgniter\Boot::bootWeb(Object(Config\Paths))
WARNING - 2025-01-16 16:36:02 --> [DEPRECATED] Calling static trait method App\Models\Phone\Model::conn is deprecated, it should only be called on a class using the trait in APPPATH\Models\Phone\Model.php on line 13.
 1 APPPATH\Controllers\Phone.php(12): App\Models\Phone\Model::display()
 2 SYSTEMPATH\CodeIgniter.php(933): App\Controllers\Phone->display()
 3 SYSTEMPATH\CodeIgniter.php(509): CodeIgniter\CodeIgniter->runController(Object(App\Controllers\Phone))
 4 SYSTEMPATH\CodeIgniter.php(355): CodeIgniter\CodeIgniter->handleRequest(null, Object(Config\Cache), false)
 5 SYSTEMPATH\Boot.php(325): CodeIgniter\CodeIgniter->run()
 6 SYSTEMPATH\Boot.php(67): CodeIgniter\Boot::runCodeIgniter(Object(CodeIgniter\CodeIgniter))
 7 FCPATH\index.php(56): CodeIgniter\Boot::bootWeb(Object(Config\Paths))
WARNING - 2025-01-16 16:36:02 --> [DEPRECATED] Calling static trait method App\Models\Phone\Response::display is deprecated, it should only be called on a class using the trait in APPPATH\Controllers\Phone.php on line 13.
 1 SYSTEMPATH\CodeIgniter.php(933): App\Controllers\Phone->display()
 2 SYSTEMPATH\CodeIgniter.php(509): CodeIgniter\CodeIgniter->runController(Object(App\Controllers\Phone))
 3 SYSTEMPATH\CodeIgniter.php(355): CodeIgniter\CodeIgniter->handleRequest(null, Object(Config\Cache), false)
 4 SYSTEMPATH\Boot.php(325): CodeIgniter\CodeIgniter->run()
 5 SYSTEMPATH\Boot.php(67): CodeIgniter\Boot::runCodeIgniter(Object(CodeIgniter\CodeIgniter))
 6 FCPATH\index.php(56): CodeIgniter\Boot::bootWeb(Object(Config\Paths))
